2025-11-26 11:12:08 [main] INFO  com.example.demo.DemoApplication - Starting DemoApplication using Java 17.0.15 with PID 12556 (C:\springboot+vue3前后端\项目集\drugtest\demo\target\classes started by 86137 in C:\springboot+vue3前后端\项目集\drugtest\demo)
2025-11-26 11:12:08 [main] INFO  com.example.demo.DemoApplication - No active profile set, falling back to 1 default profile: "default"
2025-11-26 11:12:09 [main] INFO  o.s.d.r.config.RepositoryConfigurationDelegate - Bootstrapping Spring Data JPA repositories in DEFAULT mode.
2025-11-26 11:12:09 [main] INFO  o.s.d.r.config.RepositoryConfigurationDelegate - Finished Spring Data repository scanning in 65 ms. Found 11 JPA repository interfaces.
2025-11-26 11:12:09 [main] INFO  o.s.boot.web.embedded.tomcat.TomcatWebServer - Tomcat initialized with port 9091 (http)
2025-11-26 11:12:09 [main] INFO  org.apache.catalina.core.StandardService - Starting service [Tomcat]
2025-11-26 11:12:09 [main] INFO  org.apache.catalina.core.StandardEngine - Starting Servlet engine: [Apache Tomcat/10.1.42]
2025-11-26 11:12:09 [main] INFO  o.a.c.core.ContainerBase.[Tomcat].[localhost].[/] - Initializing Spring embedded WebApplicationContext
2025-11-26 11:12:09 [main] INFO  o.s.b.w.s.c.ServletWebServerApplicationContext - Root WebApplicationContext: initialization completed in 1355 ms
2025-11-26 11:12:10 [main] INFO  org.hibernate.jpa.internal.util.LogHelper - HHH000204: Processing PersistenceUnitInfo [name: default]
2025-11-26 11:12:10 [main] INFO  org.hibernate.Version - HHH000412: Hibernate ORM core version 6.6.18.Final
2025-11-26 11:12:10 [main] INFO  o.hibernate.cache.internal.RegionFactoryInitiator - HHH000026: Second-level cache disabled
2025-11-26 11:12:10 [main] INFO  o.s.o.j.persistenceunit.SpringPersistenceUnitInfo - No LoadTimeWeaver setup: ignoring JPA class transformer
2025-11-26 11:12:10 [main] INFO  com.zaxxer.hikari.HikariDataSource - HikariPool-1 - Starting...
2025-11-26 11:12:10 [main] INFO  com.zaxxer.hikari.pool.HikariPool - HikariPool-1 - Added connection com.mysql.cj.jdbc.ConnectionImpl@441aa7ae
2025-11-26 11:12:10 [main] INFO  com.zaxxer.hikari.HikariDataSource - HikariPool-1 - Start completed.
2025-11-26 11:12:10 [main] INFO  org.hibernate.orm.connections.pooling - HHH10001005: Database info:
	Database JDBC URL [Connecting through datasource 'HikariDataSource (HikariPool-1)']
	Database driver: undefined/unknown
	Database version: 8.0.42
	Autocommit mode: undefined/unknown
	Isolation level: undefined/unknown
	Minimum pool size: undefined/unknown
	Maximum pool size: undefined/unknown
2025-11-26 11:12:11 [main] INFO  o.h.e.t.jta.platform.internal.JtaPlatformInitiator - HHH000489: No JTA platform available (set 'hibernate.transaction.jta.platform' to enable JTA platform integration)
2025-11-26 11:12:11 [main] INFO  o.s.orm.jpa.LocalContainerEntityManagerFactoryBean - Initialized JPA EntityManagerFactory for persistence unit 'default'
2025-11-26 11:12:11 [main] INFO  o.s.data.jpa.repository.query.QueryEnhancerFactory - Hibernate is in classpath; If applicable, HQL parser will be used.
2025-11-26 11:12:11 [main] WARN  org.springframework.aop.framework.CglibAopProxy - Unable to proxy interface-implementing method [public final void org.springframework.web.filter.OncePerRequestFilter.doFilter(jakarta.servlet.ServletRequest,jakarta.servlet.ServletResponse,jakarta.servlet.FilterChain) throws jakarta.servlet.ServletException,java.io.IOException] because it is marked as final, consider using interface-based JDK proxies instead.
2025-11-26 11:12:11 [main] WARN  org.springframework.aop.framework.CglibAopProxy - Unable to proxy interface-implementing method [public final void org.springframework.web.filter.GenericFilterBean.init(jakarta.servlet.FilterConfig) throws jakarta.servlet.ServletException] because it is marked as final, consider using interface-based JDK proxies instead.
2025-11-26 11:12:12 [main] INFO  o.s.s.c.a.a.c.InitializeUserDetailsBeanManagerConfigurer$InitializeUserDetailsManagerConfigurer - Global AuthenticationManager configured with UserDetailsService bean with name userService
2025-11-26 11:12:12 [main] WARN  o.s.b.a.o.j.JpaBaseConfiguration$JpaWebConfiguration - spring.jpa.open-in-view is enabled by default. Therefore, database queries may be performed during view rendering. Explicitly configure spring.jpa.open-in-view to disable this warning
2025-11-26 11:12:12 [main] INFO  o.s.b.actuate.endpoint.web.EndpointLinksResolver - Exposing 14 endpoints beneath base path '/actuator'
2025-11-26 11:12:13 [main] INFO  o.s.boot.web.embedded.tomcat.TomcatWebServer - Tomcat started on port 9091 (http) with context path '/'
2025-11-26 11:12:13 [main] INFO  com.example.demo.DemoApplication - Started DemoApplication in 5.106 seconds (process running for 5.35)
2025-11-26 11:13:47 [http-nio-9091-exec-1] INFO  o.a.c.core.ContainerBase.[Tomcat].[localhost].[/] - Initializing Spring DispatcherServlet 'dispatcherServlet'
2025-11-26 11:13:47 [http-nio-9091-exec-1] INFO  org.springframework.web.servlet.DispatcherServlet - Initializing Servlet 'dispatcherServlet'
2025-11-26 11:13:47 [http-nio-9091-exec-1] INFO  org.springframework.web.servlet.DispatcherServlet - Completed initialization in 1 ms
2025-11-26 11:13:47 [http-nio-9091-exec-1] INFO  com.example.demo.aop.ServiceLogAspect - 【服务调用开始】UserService.login，参数：[002501, 123456]
2025-11-26 11:13:48 [http-nio-9091-exec-1] INFO  com.example.demo.aop.ServiceLogAspect - 【服务调用成功】UserService.login，结果：com.example.demo.entity.Staff@65c6d98b
2025-11-26 11:13:48 [http-nio-9091-exec-1] INFO  com.example.demo.aop.ServiceLogAspect - 【服务调用开始】UserService.getPermByStaffcode，参数：[002501]
2025-11-26 11:13:48 [http-nio-9091-exec-1] INFO  com.example.demo.aop.ServiceLogAspect - 【服务调用成功】UserService.getPermByStaffcode，结果：[com.example.demo.entity.Permission@4bf378ca, com.example.demo.entity.Permission@641a4ac5, com.example.demo.entity.Permission@1e5e585c, com.example.demo.entity.Permission@11364fdb, com.example.demo.entity.Permission@698aa55b, com.example.demo.entity.Permission@e45dfcb]
2025-11-26 11:13:48 [http-nio-9091-exec-1] INFO  com.example.demo.aop.ServiceLogAspect - 【服务调用开始】UserService.getStaffByStaffcode，参数：[002501]
2025-11-26 11:13:48 [http-nio-9091-exec-1] INFO  com.example.demo.aop.ServiceLogAspect - 【服务调用成功】UserService.getStaffByStaffcode，结果：com.example.demo.entity.Staff@65c6d98b
2025-11-26 11:13:48 [http-nio-9091-exec-1] INFO  com.example.demo.aop.ServiceLogAspect - 【服务调用开始】RoleService.getRoleById，参数：[3]
2025-11-26 11:13:48 [http-nio-9091-exec-1] INFO  com.example.demo.aop.ServiceLogAspect - 【服务调用成功】RoleService.getRoleById，结果：com.example.demo.entity.Role@1e0a8f52
2025-11-26 11:13:48 [http-nio-9091-exec-1] INFO  com.example.demo.aop.ServiceLogAspect - 【服务调用开始】UserService.loadUserByUsername，参数：[002501]
2025-11-26 11:13:48 [http-nio-9091-exec-1] INFO  com.example.demo.aop.ServiceLogAspect - 【服务调用成功】UserService.loadUserByUsername，结果：org.springframework.security.core.userdetails.User [Username=002501, Password=[PROTECTED], Enabled=true, AccountNonExpired=true, CredentialsNonExpired=true, AccountNonLocked=true, Granted Authorities=[]]
2025-11-26 11:13:48 [http-nio-9091-exec-1] INFO  com.example.demo.aop.ServiceLogAspect - 【服务调用开始】UserService.loadUserByUsername，参数：[002501]
2025-11-26 11:13:48 [http-nio-9091-exec-1] INFO  com.example.demo.aop.ServiceLogAspect - 【服务调用成功】UserService.loadUserByUsername，结果：org.springframework.security.core.userdetails.User [Username=002501, Password=[PROTECTED], Enabled=true, AccountNonExpired=true, CredentialsNonExpired=true, AccountNonLocked=true, Granted Authorities=[]]
2025-11-26 11:13:48 [http-nio-9091-exec-4] INFO  com.example.demo.aop.ServiceLogAspect - 【服务调用开始】DeviceService.getCountAll，参数：[]
2025-11-26 11:13:48 [http-nio-9091-exec-9] INFO  com.example.demo.aop.ServiceLogAspect - 【服务调用开始】DeviceService.getMonitorOnCountNow，参数：[]
2025-11-26 11:13:48 [http-nio-9091-exec-5] INFO  com.example.demo.aop.ServiceLogAspect - 【服务调用开始】DeviceService.getWaitCalibrationCountNow，参数：[]
2025-11-26 11:13:48 [http-nio-9091-exec-7] INFO  com.example.demo.aop.ServiceLogAspect - 【服务调用开始】AlertService.getAlertDetails，参数：[0, 10]
2025-11-26 11:13:48 [http-nio-9091-exec-2] INFO  com.example.demo.aop.ServiceLogAspect - 【服务调用开始】AlertService.getTodayAlertCount，参数：[2025-11-26 11:13:48]
2025-11-26 11:13:48 [http-nio-9091-exec-4] INFO  com.example.demo.aop.ServiceLogAspect - 【服务调用成功】DeviceService.getCountAll，结果：5
2025-11-26 11:13:48 [http-nio-9091-exec-8] INFO  com.example.demo.aop.ServiceLogAspect - 【服务调用开始】DeviceService.getDeviceByStaffCode，参数：[002501]
2025-11-26 11:13:48 [http-nio-9091-exec-5] INFO  com.example.demo.aop.ServiceLogAspect - 【服务调用成功】DeviceService.getWaitCalibrationCountNow，结果：1
2025-11-26 11:13:48 [http-nio-9091-exec-9] INFO  com.example.demo.aop.ServiceLogAspect - 【服务调用成功】DeviceService.getMonitorOnCountNow，结果：3
2025-11-26 11:13:48 [http-nio-9091-exec-9] INFO  com.example.demo.aop.ServiceLogAspect - 【服务调用开始】DeviceService.getAlertOnCountNow，参数：[]
2025-11-26 11:13:48 [http-nio-9091-exec-9] INFO  com.example.demo.aop.ServiceLogAspect - 【服务调用成功】DeviceService.getAlertOnCountNow，结果：1
2025-11-26 11:13:48 [http-nio-9091-exec-9] INFO  com.example.demo.aop.ServiceLogAspect - 【服务调用开始】DeviceService.getOperationalOnCountNow，参数：[]
2025-11-26 11:13:48 [http-nio-9091-exec-3] INFO  com.example.demo.aop.ServiceLogAspect - 【服务调用开始】AlertService.getWeekAlertSummary，参数：[2025-11-26 03:13:48]
2025-11-26 11:13:48 [http-nio-9091-exec-9] INFO  com.example.demo.aop.ServiceLogAspect - 【服务调用成功】DeviceService.getOperationalOnCountNow，结果：2
2025-11-26 11:13:48 [http-nio-9091-exec-8] INFO  com.example.demo.aop.ServiceLogAspect - 【服务调用成功】DeviceService.getDeviceByStaffCode，结果：[com.example.demo.entity.Device@6b72a810, com.example.demo.entity.Device@512be635, com.example.demo.entity.Device@2892685d]
2025-11-26 11:13:48 [http-nio-9091-exec-9] INFO  com.example.demo.aop.ServiceLogAspect - 【服务调用开始】DeviceService.getOperationalOfflineCountNow，参数：[]
2025-11-26 11:13:48 [http-nio-9091-exec-2] INFO  com.example.demo.aop.ServiceLogAspect - 【服务调用成功】AlertService.getTodayAlertCount，结果：0
2025-11-26 11:13:48 [http-nio-9091-exec-10] INFO  com.example.demo.aop.ServiceLogAspect - 【服务调用开始】UserService.getStaffByStaffcode，参数：[002501]
2025-11-26 11:13:48 [http-nio-9091-exec-9] INFO  com.example.demo.aop.ServiceLogAspect - 【服务调用成功】DeviceService.getOperationalOfflineCountNow，结果：3
2025-11-26 11:13:48 [http-nio-9091-exec-10] INFO  com.example.demo.aop.ServiceLogAspect - 【服务调用成功】UserService.getStaffByStaffcode，结果：com.example.demo.entity.Staff@7f724fc4
2025-11-26 11:13:48 [http-nio-9091-exec-10] INFO  com.example.demo.aop.ServiceLogAspect - 【服务调用开始】RoleService.getRoleById，参数：[3]
2025-11-26 11:13:48 [http-nio-9091-exec-7] INFO  com.example.demo.aop.ServiceLogAspect - 【服务调用成功】AlertService.getAlertDetails，结果：{currentPage=0, pageSize=10, content=[{monitorStatus=MONITORON, context=002, location=loc1, alertType=DRUG, deviceType=D4, deviceName=Inoue Rin, alertLevel=YELLOW, alertTime=2025-07-13T10:05:04, deviceCode=001}, {monitorStatus=MONITORON, context=001, location=loc1, alertType=DRUG, deviceType=D4, deviceName=Inoue Rin, alertLevel=RED, alertTime=2025-07-13T10:05:01, deviceCode=001}, {monitorStatus=MONITORON, context=000, location=loc1, alertType=MECHINE, deviceType=D4, deviceName=Inoue Rin, alertLevel=YELLOW, alertTime=2025-07-11T10:04:58, deviceCode=001}], totalElements=3, totalPages=1}
2025-11-26 11:13:48 [http-nio-9091-exec-10] INFO  com.example.demo.aop.ServiceLogAspect - 【服务调用成功】RoleService.getRoleById，结果：com.example.demo.entity.Role@4d878d82
2025-11-26 11:13:48 [http-nio-9091-exec-3] INFO  com.example.demo.aop.ServiceLogAspect - 【服务调用成功】AlertService.getWeekAlertSummary，结果：{machineFailure=0, yellowAlert=0, redAlert=0}
2025-11-26 11:13:48 [http-nio-9091-exec-1] INFO  com.example.demo.aop.ServiceLogAspect - 【服务调用开始】DeviceService.getCountAll，参数：[]
2025-11-26 11:13:48 [http-nio-9091-exec-6] INFO  com.example.demo.aop.ServiceLogAspect - 【服务调用开始】AlertService.getTodayAlertCount，参数：[2025-11-26 11:13:48]
2025-11-26 11:13:48 [http-nio-9091-exec-5] INFO  com.example.demo.aop.ServiceLogAspect - 【服务调用开始】DeviceService.getWaitCalibrationCountNow，参数：[]
2025-11-26 11:13:48 [http-nio-9091-exec-1] INFO  com.example.demo.aop.ServiceLogAspect - 【服务调用成功】DeviceService.getCountAll，结果：5
2025-11-26 11:13:48 [http-nio-9091-exec-5] INFO  com.example.demo.aop.ServiceLogAspect - 【服务调用成功】DeviceService.getWaitCalibrationCountNow，结果：1
2025-11-26 11:13:48 [http-nio-9091-exec-6] INFO  com.example.demo.aop.ServiceLogAspect - 【服务调用成功】AlertService.getTodayAlertCount，结果：0
2025-11-26 11:13:50 [http-nio-9091-exec-4] INFO  com.example.demo.aop.ServiceLogAspect - 【服务调用开始】DeviceService.getCountAll，参数：[]
2025-11-26 11:13:50 [http-nio-9091-exec-4] INFO  com.example.demo.aop.ServiceLogAspect - 【服务调用成功】DeviceService.getCountAll，结果：5
2025-11-26 11:13:50 [http-nio-9091-exec-9] INFO  com.example.demo.aop.ServiceLogAspect - 【服务调用开始】DeviceService.getWaitCalibrationCountNow，参数：[]
2025-11-26 11:13:50 [http-nio-9091-exec-2] INFO  com.example.demo.aop.ServiceLogAspect - 【服务调用开始】AlertService.getTodayAlertCount，参数：[2025-11-26 11:13:50]
2025-11-26 11:13:50 [http-nio-9091-exec-9] INFO  com.example.demo.aop.ServiceLogAspect - 【服务调用成功】DeviceService.getWaitCalibrationCountNow，结果：1
2025-11-26 11:13:50 [http-nio-9091-exec-2] INFO  com.example.demo.aop.ServiceLogAspect - 【服务调用成功】AlertService.getTodayAlertCount，结果：0
2025-11-26 11:13:51 [http-nio-9091-exec-3] INFO  com.example.demo.aop.ServiceLogAspect - 【服务调用开始】AlertService.getDeviceAlertOverview，参数：[]
2025-11-26 11:13:51 [http-nio-9091-exec-10] INFO  com.example.demo.aop.ServiceLogAspect - 【服务调用开始】DeviceService.getCountAll，参数：[]
2025-11-26 11:13:51 [http-nio-9091-exec-7] INFO  com.example.demo.aop.ServiceLogAspect - 【服务调用开始】DeviceService.getWaitCalibrationCountNow，参数：[]
2025-11-26 11:13:51 [http-nio-9091-exec-8] INFO  com.example.demo.aop.ServiceLogAspect - 【服务调用开始】AlertService.getTodayAlertCount，参数：[2025-11-26 11:13:51]
2025-11-26 11:13:51 [http-nio-9091-exec-1] INFO  com.example.demo.aop.ServiceLogAspect - 【服务调用开始】AlertService.getAlertDetailsByTimeRange，参数：[2025-11-18T19:13, 2025-11-25T19:13, null, 0, 50]
2025-11-26 11:13:51 [http-nio-9091-exec-7] INFO  com.example.demo.aop.ServiceLogAspect - 【服务调用成功】DeviceService.getWaitCalibrationCountNow，结果：1
2025-11-26 11:13:51 [http-nio-9091-exec-10] INFO  com.example.demo.aop.ServiceLogAspect - 【服务调用成功】DeviceService.getCountAll，结果：5
2025-11-26 11:13:51 [http-nio-9091-exec-8] INFO  com.example.demo.aop.ServiceLogAspect - 【服务调用成功】AlertService.getTodayAlertCount，结果：0
2025-11-26 11:13:51 [http-nio-9091-exec-1] INFO  com.example.demo.aop.ServiceLogAspect - 【服务调用成功】AlertService.getAlertDetailsByTimeRange，结果：{currentPage=0, pageSize=50, content=[], totalElements=0, totalPages=0}
2025-11-26 11:13:51 [http-nio-9091-exec-3] INFO  com.example.demo.aop.ServiceLogAspect - 【服务调用成功】AlertService.getDeviceAlertOverview，结果：[{deviceType=D4, operationalStatus=RUNNING, alertStatus=ON, latestAlertLevel=YELLOW, latestAlertTime=2025-07-13T10:05:04, location=loc1, deviceCode=001, deviceId=1, deviceName=Inoue Rin, monitorStatus=MONITORON, latestAlertContext=002}, {deviceType=DB, operationalStatus=RUNNING, alertStatus=OFF, latestAlertLevel=null, latestAlertTime=null, location=loc2, deviceCode=002, deviceId=2, deviceName=Kong Lan, monitorStatus=MONITORON, latestAlertContext=null}, {deviceType=DB, operationalStatus=OFFLINE, alertStatus=OFF, latestAlertLevel=null, latestAlertTime=null, location=loc3, deviceCode=003, deviceId=3, deviceName=Chic Kwok Yin, monitorStatus=MONITORINTERRUPT, latestAlertContext=null}, {deviceType=D4, operationalStatus=OFFLINE, alertStatus=OFF, latestAlertLevel=null, latestAlertTime=null, location=loc4, deviceCode=004, deviceId=4, deviceName=Lo Wai Lam, monitorStatus=MONITORON, latestAlertContext=null}, {deviceType=DB, operationalStatus=OFFLINE, alertStatus=OFF, latestAlertLevel=null, latestAlertTime=null, location=loc5, deviceCode=005, deviceId=5, deviceName=Saito Ayano, monitorStatus=MONITOROFF, latestAlertContext=null}]
2025-11-26 11:14:09 [http-nio-9091-exec-6] INFO  com.example.demo.aop.ServiceLogAspect - 【服务调用开始】AlertService.getAlertDetails，参数：[0, 10]
2025-11-26 11:14:09 [http-nio-9091-exec-6] INFO  com.example.demo.aop.ServiceLogAspect - 【服务调用成功】AlertService.getAlertDetails，结果：{currentPage=0, pageSize=10, content=[{monitorStatus=MONITORON, context=002, location=loc1, alertType=DRUG, deviceType=D4, deviceName=Inoue Rin, alertLevel=YELLOW, alertTime=2025-07-13T10:05:04, deviceCode=001}, {monitorStatus=MONITORON, context=001, location=loc1, alertType=DRUG, deviceType=D4, deviceName=Inoue Rin, alertLevel=RED, alertTime=2025-07-13T10:05:01, deviceCode=001}, {monitorStatus=MONITORON, context=000, location=loc1, alertType=MECHINE, deviceType=D4, deviceName=Inoue Rin, alertLevel=YELLOW, alertTime=2025-07-11T10:04:58, deviceCode=001}], totalElements=3, totalPages=1}
2025-11-26 11:14:09 [http-nio-9091-exec-4] INFO  com.example.demo.aop.ServiceLogAspect - 【服务调用开始】DeviceService.getDeviceByStaffCode，参数：[002501]
2025-11-26 11:14:09 [http-nio-9091-exec-9] INFO  com.example.demo.aop.ServiceLogAspect - 【服务调用开始】DeviceService.getMonitorOnCountNow，参数：[]
2025-11-26 11:14:09 [http-nio-9091-exec-5] INFO  com.example.demo.aop.ServiceLogAspect - 【服务调用开始】AlertService.getWeekAlertSummary，参数：[2025-11-26 03:14:09]
2025-11-26 11:14:09 [http-nio-9091-exec-9] INFO  com.example.demo.aop.ServiceLogAspect - 【服务调用成功】DeviceService.getMonitorOnCountNow，结果：3
2025-11-26 11:14:09 [http-nio-9091-exec-4] INFO  com.example.demo.aop.ServiceLogAspect - 【服务调用成功】DeviceService.getDeviceByStaffCode，结果：[com.example.demo.entity.Device@74865d6c, com.example.demo.entity.Device@1a9e6917, com.example.demo.entity.Device@6a4ff8b3]
2025-11-26 11:14:09 [http-nio-9091-exec-9] INFO  com.example.demo.aop.ServiceLogAspect - 【服务调用开始】DeviceService.getAlertOnCountNow，参数：[]
2025-11-26 11:14:09 [http-nio-9091-exec-9] INFO  com.example.demo.aop.ServiceLogAspect - 【服务调用成功】DeviceService.getAlertOnCountNow，结果：1
2025-11-26 11:14:09 [http-nio-9091-exec-9] INFO  com.example.demo.aop.ServiceLogAspect - 【服务调用开始】DeviceService.getOperationalOnCountNow，参数：[]
2025-11-26 11:14:09 [http-nio-9091-exec-5] INFO  com.example.demo.aop.ServiceLogAspect - 【服务调用成功】AlertService.getWeekAlertSummary，结果：{machineFailure=0, yellowAlert=0, redAlert=0}
2025-11-26 11:14:09 [http-nio-9091-exec-9] INFO  com.example.demo.aop.ServiceLogAspect - 【服务调用成功】DeviceService.getOperationalOnCountNow，结果：2
2025-11-26 11:14:09 [http-nio-9091-exec-9] INFO  com.example.demo.aop.ServiceLogAspect - 【服务调用开始】DeviceService.getOperationalOfflineCountNow，参数：[]
2025-11-26 11:14:09 [http-nio-9091-exec-9] INFO  com.example.demo.aop.ServiceLogAspect - 【服务调用成功】DeviceService.getOperationalOfflineCountNow，结果：3
2025-11-26 11:14:13 [http-nio-9091-exec-2] INFO  com.example.demo.aop.ServiceLogAspect - 【服务调用开始】DeviceService.getCountAll，参数：[]
2025-11-26 11:14:13 [http-nio-9091-exec-10] INFO  com.example.demo.aop.ServiceLogAspect - 【服务调用开始】DeviceService.getWaitCalibrationCountNow，参数：[]
2025-11-26 11:14:13 [http-nio-9091-exec-7] INFO  com.example.demo.aop.ServiceLogAspect - 【服务调用开始】AlertService.getTodayAlertCount，参数：[2025-11-26 11:14:13]
2025-11-26 11:14:13 [http-nio-9091-exec-10] INFO  com.example.demo.aop.ServiceLogAspect - 【服务调用成功】DeviceService.getWaitCalibrationCountNow，结果：1
2025-11-26 11:14:13 [http-nio-9091-exec-2] INFO  com.example.demo.aop.ServiceLogAspect - 【服务调用成功】DeviceService.getCountAll，结果：5
2025-11-26 11:14:13 [http-nio-9091-exec-7] INFO  com.example.demo.aop.ServiceLogAspect - 【服务调用成功】AlertService.getTodayAlertCount，结果：0
2025-11-26 11:14:13 [http-nio-9091-exec-8] INFO  com.example.demo.aop.ServiceLogAspect - 【服务调用开始】DeviceService.getCountAll，参数：[]
2025-11-26 11:14:13 [http-nio-9091-exec-8] INFO  com.example.demo.aop.ServiceLogAspect - 【服务调用成功】DeviceService.getCountAll，结果：5
2025-11-26 11:14:13 [http-nio-9091-exec-3] INFO  com.example.demo.aop.ServiceLogAspect - 【服务调用开始】DeviceService.getWaitCalibrationCountNow，参数：[]
2025-11-26 11:14:13 [http-nio-9091-exec-1] INFO  com.example.demo.aop.ServiceLogAspect - 【服务调用开始】AlertService.getTodayAlertCount，参数：[2025-11-26 11:14:13]
2025-11-26 11:14:13 [http-nio-9091-exec-3] INFO  com.example.demo.aop.ServiceLogAspect - 【服务调用成功】DeviceService.getWaitCalibrationCountNow，结果：1
2025-11-26 11:14:13 [http-nio-9091-exec-1] INFO  com.example.demo.aop.ServiceLogAspect - 【服务调用成功】AlertService.getTodayAlertCount，结果：0
2025-11-26 11:14:14 [http-nio-9091-exec-5] INFO  com.example.demo.aop.ServiceLogAspect - 【服务调用开始】DeviceService.getWaitCalibrationCountNow，参数：[]
2025-11-26 11:14:14 [http-nio-9091-exec-9] INFO  com.example.demo.aop.ServiceLogAspect - 【服务调用开始】DeviceService.getAllDevices，参数：[]
2025-11-26 11:14:14 [http-nio-9091-exec-4] INFO  com.example.demo.aop.ServiceLogAspect - 【服务调用开始】DeviceService.getCountAll，参数：[]
2025-11-26 11:14:14 [http-nio-9091-exec-6] INFO  com.example.demo.aop.ServiceLogAspect - 【服务调用开始】AlertService.getTodayAlertCount，参数：[2025-11-26 11:14:14]
2025-11-26 11:14:14 [http-nio-9091-exec-5] INFO  com.example.demo.aop.ServiceLogAspect - 【服务调用成功】DeviceService.getWaitCalibrationCountNow，结果：1
2025-11-26 11:14:14 [http-nio-9091-exec-4] INFO  com.example.demo.aop.ServiceLogAspect - 【服务调用成功】DeviceService.getCountAll，结果：5
2025-11-26 11:14:14 [http-nio-9091-exec-6] INFO  com.example.demo.aop.ServiceLogAspect - 【服务调用成功】AlertService.getTodayAlertCount，结果：0
2025-11-26 11:14:14 [http-nio-9091-exec-9] INFO  com.example.demo.aop.ServiceLogAspect - 【服务调用成功】DeviceService.getAllDevices，结果：[com.example.demo.entity.Device@bfea5c0, com.example.demo.entity.Device@1f468c9e, com.example.demo.entity.Device@bb178af, com.example.demo.entity.Device@23f6cb45, com.example.demo.entity.Device@2382ab94]
2025-11-26 11:14:17 [http-nio-9091-exec-10] INFO  com.example.demo.aop.ServiceLogAspect - 【服务调用开始】DeviceService.getCountAll，参数：[]
2025-11-26 11:14:17 [http-nio-9091-exec-2] INFO  com.example.demo.aop.ServiceLogAspect - 【服务调用开始】AlertService.getTodayAlertCount，参数：[2025-11-26 11:14:16]
2025-11-26 11:14:17 [http-nio-9091-exec-7] INFO  com.example.demo.aop.ServiceLogAspect - 【服务调用开始】DeviceService.getWaitCalibrationCountNow，参数：[]
2025-11-26 11:14:17 [http-nio-9091-exec-10] INFO  com.example.demo.aop.ServiceLogAspect - 【服务调用成功】DeviceService.getCountAll，结果：5
2025-11-26 11:14:17 [http-nio-9091-exec-2] INFO  com.example.demo.aop.ServiceLogAspect - 【服务调用成功】AlertService.getTodayAlertCount，结果：0
2025-11-26 11:14:17 [http-nio-9091-exec-7] INFO  com.example.demo.aop.ServiceLogAspect - 【服务调用成功】DeviceService.getWaitCalibrationCountNow，结果：1
2025-11-26 11:14:17 [http-nio-9091-exec-8] INFO  com.example.demo.aop.ServiceLogAspect - 【服务调用开始】DeviceService.getCountAll，参数：[]
2025-11-26 11:14:17 [http-nio-9091-exec-8] INFO  com.example.demo.aop.ServiceLogAspect - 【服务调用成功】DeviceService.getCountAll，结果：5
2025-11-26 11:14:17 [http-nio-9091-exec-3] INFO  com.example.demo.aop.ServiceLogAspect - 【服务调用开始】AlertService.getTodayAlertCount，参数：[2025-11-26 11:14:17]
2025-11-26 11:14:17 [http-nio-9091-exec-4] INFO  com.example.demo.aop.ServiceLogAspect - 【服务调用开始】AlertService.getDeviceAlertOverview，参数：[]
2025-11-26 11:14:17 [http-nio-9091-exec-1] INFO  com.example.demo.aop.ServiceLogAspect - 【服务调用开始】DeviceService.getWaitCalibrationCountNow，参数：[]
2025-11-26 11:14:17 [http-nio-9091-exec-5] INFO  com.example.demo.aop.ServiceLogAspect - 【服务调用开始】AlertService.getAlertDetailsByTimeRange，参数：[2025-11-18T19:14, 2025-11-25T19:14, null, 0, 50]
2025-11-26 11:14:17 [http-nio-9091-exec-1] INFO  com.example.demo.aop.ServiceLogAspect - 【服务调用成功】DeviceService.getWaitCalibrationCountNow，结果：1
2025-11-26 11:14:17 [http-nio-9091-exec-3] INFO  com.example.demo.aop.ServiceLogAspect - 【服务调用成功】AlertService.getTodayAlertCount，结果：0
2025-11-26 11:14:17 [http-nio-9091-exec-5] INFO  com.example.demo.aop.ServiceLogAspect - 【服务调用成功】AlertService.getAlertDetailsByTimeRange，结果：{currentPage=0, pageSize=50, content=[], totalElements=0, totalPages=0}
2025-11-26 11:14:17 [http-nio-9091-exec-4] INFO  com.example.demo.aop.ServiceLogAspect - 【服务调用成功】AlertService.getDeviceAlertOverview，结果：[{deviceType=D4, operationalStatus=RUNNING, alertStatus=ON, latestAlertLevel=YELLOW, latestAlertTime=2025-07-13T10:05:04, location=loc1, deviceCode=001, deviceId=1, deviceName=Inoue Rin, monitorStatus=MONITORON, latestAlertContext=002}, {deviceType=DB, operationalStatus=RUNNING, alertStatus=OFF, latestAlertLevel=null, latestAlertTime=null, location=loc2, deviceCode=002, deviceId=2, deviceName=Kong Lan, monitorStatus=MONITORON, latestAlertContext=null}, {deviceType=DB, operationalStatus=OFFLINE, alertStatus=OFF, latestAlertLevel=null, latestAlertTime=null, location=loc3, deviceCode=003, deviceId=3, deviceName=Chic Kwok Yin, monitorStatus=MONITORINTERRUPT, latestAlertContext=null}, {deviceType=D4, operationalStatus=OFFLINE, alertStatus=OFF, latestAlertLevel=null, latestAlertTime=null, location=loc4, deviceCode=004, deviceId=4, deviceName=Lo Wai Lam, monitorStatus=MONITORON, latestAlertContext=null}, {deviceType=DB, operationalStatus=OFFLINE, alertStatus=OFF, latestAlertLevel=null, latestAlertTime=null, location=loc5, deviceCode=005, deviceId=5, deviceName=Saito Ayano, monitorStatus=MONITOROFF, latestAlertContext=null}]
2025-11-26 11:14:21 [http-nio-9091-exec-6] INFO  com.example.demo.aop.ServiceLogAspect - 【服务调用开始】DeviceService.getCountAll，参数：[]
2025-11-26 11:14:21 [http-nio-9091-exec-6] INFO  com.example.demo.aop.ServiceLogAspect - 【服务调用成功】DeviceService.getCountAll，结果：5
2025-11-26 11:14:21 [http-nio-9091-exec-10] INFO  com.example.demo.aop.ServiceLogAspect - 【服务调用开始】DeviceService.getAllDevices，参数：[]
2025-11-26 11:14:21 [http-nio-9091-exec-9] INFO  com.example.demo.aop.ServiceLogAspect - 【服务调用开始】AlertService.getTodayAlertCount，参数：[2025-11-26 11:14:21]
2025-11-26 11:14:21 [http-nio-9091-exec-2] INFO  com.example.demo.aop.ServiceLogAspect - 【服务调用开始】DeviceService.getWaitCalibrationCountNow，参数：[]
2025-11-26 11:14:21 [http-nio-9091-exec-2] INFO  com.example.demo.aop.ServiceLogAspect - 【服务调用成功】DeviceService.getWaitCalibrationCountNow，结果：1
2025-11-26 11:14:21 [http-nio-9091-exec-9] INFO  com.example.demo.aop.ServiceLogAspect - 【服务调用成功】AlertService.getTodayAlertCount，结果：0
2025-11-26 11:14:21 [http-nio-9091-exec-10] INFO  com.example.demo.aop.ServiceLogAspect - 【服务调用成功】DeviceService.getAllDevices，结果：[com.example.demo.entity.Device@627945e7, com.example.demo.entity.Device@55d02db, com.example.demo.entity.Device@47340a25, com.example.demo.entity.Device@5326d38c, com.example.demo.entity.Device@7b58e272]
2025-11-26 11:18:26 [http-nio-9091-exec-1] INFO  com.example.demo.aop.ServiceLogAspect - 【服务调用开始】DeviceService.getWaitCalibrationCountNow，参数：[]
2025-11-26 11:18:26 [http-nio-9091-exec-7] INFO  com.example.demo.aop.ServiceLogAspect - 【服务调用开始】DeviceService.getCountAll，参数：[]
2025-11-26 11:18:26 [http-nio-9091-exec-8] INFO  com.example.demo.aop.ServiceLogAspect - 【服务调用开始】AlertService.getTodayAlertCount，参数：[2025-11-26 11:18:26]
2025-11-26 11:18:26 [http-nio-9091-exec-7] INFO  com.example.demo.aop.ServiceLogAspect - 【服务调用成功】DeviceService.getCountAll，结果：5
2025-11-26 11:18:26 [http-nio-9091-exec-1] INFO  com.example.demo.aop.ServiceLogAspect - 【服务调用成功】DeviceService.getWaitCalibrationCountNow，结果：1
2025-11-26 11:18:26 [http-nio-9091-exec-8] INFO  com.example.demo.aop.ServiceLogAspect - 【服务调用成功】AlertService.getTodayAlertCount，结果：0
2025-11-26 11:18:26 [http-nio-9091-exec-4] INFO  com.example.demo.aop.ServiceLogAspect - 【服务调用开始】AlertService.getDeviceAlertOverview，参数：[]
2025-11-26 11:18:26 [http-nio-9091-exec-5] INFO  com.example.demo.aop.ServiceLogAspect - 【服务调用开始】DeviceService.getWaitCalibrationCountNow，参数：[]
2025-11-26 11:18:26 [http-nio-9091-exec-3] INFO  com.example.demo.aop.ServiceLogAspect - 【服务调用开始】AlertService.getTodayAlertCount，参数：[2025-11-26 11:18:26]
2025-11-26 11:18:26 [http-nio-9091-exec-6] INFO  com.example.demo.aop.ServiceLogAspect - 【服务调用开始】DeviceService.getCountAll，参数：[]
2025-11-26 11:18:26 [http-nio-9091-exec-2] INFO  com.example.demo.aop.ServiceLogAspect - 【服务调用开始】AlertService.getAlertDetailsByTimeRange，参数：[2025-11-18T19:18, 2025-11-25T19:18, null, 0, 50]
2025-11-26 11:18:26 [http-nio-9091-exec-5] INFO  com.example.demo.aop.ServiceLogAspect - 【服务调用成功】DeviceService.getWaitCalibrationCountNow，结果：1
2025-11-26 11:18:26 [http-nio-9091-exec-3] INFO  com.example.demo.aop.ServiceLogAspect - 【服务调用成功】AlertService.getTodayAlertCount，结果：0
2025-11-26 11:18:26 [http-nio-9091-exec-6] INFO  com.example.demo.aop.ServiceLogAspect - 【服务调用成功】DeviceService.getCountAll，结果：5
2025-11-26 11:18:26 [http-nio-9091-exec-2] INFO  com.example.demo.aop.ServiceLogAspect - 【服务调用成功】AlertService.getAlertDetailsByTimeRange，结果：{currentPage=0, pageSize=50, content=[], totalElements=0, totalPages=0}
2025-11-26 11:18:26 [http-nio-9091-exec-4] INFO  com.example.demo.aop.ServiceLogAspect - 【服务调用成功】AlertService.getDeviceAlertOverview，结果：[{deviceType=D4, operationalStatus=RUNNING, alertStatus=ON, latestAlertLevel=YELLOW, latestAlertTime=2025-07-13T10:05:04, location=loc1, deviceCode=001, deviceId=1, deviceName=Inoue Rin, monitorStatus=MONITORON, latestAlertContext=002}, {deviceType=DB, operationalStatus=RUNNING, alertStatus=OFF, latestAlertLevel=null, latestAlertTime=null, location=loc2, deviceCode=002, deviceId=2, deviceName=Kong Lan, monitorStatus=MONITORON, latestAlertContext=null}, {deviceType=DB, operationalStatus=OFFLINE, alertStatus=OFF, latestAlertLevel=null, latestAlertTime=null, location=loc3, deviceCode=003, deviceId=3, deviceName=Chic Kwok Yin, monitorStatus=MONITORINTERRUPT, latestAlertContext=null}, {deviceType=D4, operationalStatus=OFFLINE, alertStatus=OFF, latestAlertLevel=null, latestAlertTime=null, location=loc4, deviceCode=004, deviceId=4, deviceName=Lo Wai Lam, monitorStatus=MONITORON, latestAlertContext=null}, {deviceType=DB, operationalStatus=OFFLINE, alertStatus=OFF, latestAlertLevel=null, latestAlertTime=null, location=loc5, deviceCode=005, deviceId=5, deviceName=Saito Ayano, monitorStatus=MONITOROFF, latestAlertContext=null}]
2025-11-26 11:20:14 [http-nio-9091-exec-9] INFO  com.example.demo.aop.ServiceLogAspect - 【服务调用开始】DeviceService.getCountAll，参数：[]
2025-11-26 11:20:14 [http-nio-9091-exec-9] INFO  com.example.demo.aop.ServiceLogAspect - 【服务调用成功】DeviceService.getCountAll，结果：5
2025-11-26 11:20:14 [http-nio-9091-exec-7] INFO  com.example.demo.aop.ServiceLogAspect - 【服务调用开始】DeviceService.getWaitCalibrationCountNow，参数：[]
2025-11-26 11:20:14 [http-nio-9091-exec-8] INFO  com.example.demo.aop.ServiceLogAspect - 【服务调用开始】DeviceService.getAllDevices，参数：[]
2025-11-26 11:20:14 [http-nio-9091-exec-10] INFO  com.example.demo.aop.ServiceLogAspect - 【服务调用开始】AlertService.getTodayAlertCount，参数：[2025-11-26 11:20:14]
2025-11-26 11:20:14 [http-nio-9091-exec-7] INFO  com.example.demo.aop.ServiceLogAspect - 【服务调用成功】DeviceService.getWaitCalibrationCountNow，结果：1
2025-11-26 11:20:14 [http-nio-9091-exec-10] INFO  com.example.demo.aop.ServiceLogAspect - 【服务调用成功】AlertService.getTodayAlertCount，结果：0
2025-11-26 11:20:14 [http-nio-9091-exec-8] INFO  com.example.demo.aop.ServiceLogAspect - 【服务调用成功】DeviceService.getAllDevices，结果：[com.example.demo.entity.Device@2dccb5b8, com.example.demo.entity.Device@4c3041dd, com.example.demo.entity.Device@86d239d, com.example.demo.entity.Device@6dc76de1, com.example.demo.entity.Device@256e6494]
2025-11-26 11:21:25 [http-nio-9091-exec-1] INFO  com.example.demo.aop.ServiceLogAspect - 【服务调用开始】DeviceService.getCountAll，参数：[]
2025-11-26 11:21:25 [http-nio-9091-exec-3] INFO  com.example.demo.aop.ServiceLogAspect - 【服务调用开始】AlertService.getTodayAlertCount，参数：[2025-11-26 11:21:25]
2025-11-26 11:21:25 [http-nio-9091-exec-1] INFO  com.example.demo.aop.ServiceLogAspect - 【服务调用成功】DeviceService.getCountAll，结果：5
2025-11-26 11:21:25 [http-nio-9091-exec-6] INFO  com.example.demo.aop.ServiceLogAspect - 【服务调用开始】DeviceService.getAllDevices，参数：[]
2025-11-26 11:21:25 [http-nio-9091-exec-5] INFO  com.example.demo.aop.ServiceLogAspect - 【服务调用开始】DeviceService.getWaitCalibrationCountNow，参数：[]
2025-11-26 11:21:25 [http-nio-9091-exec-5] INFO  com.example.demo.aop.ServiceLogAspect - 【服务调用成功】DeviceService.getWaitCalibrationCountNow，结果：1
2025-11-26 11:21:25 [http-nio-9091-exec-3] INFO  com.example.demo.aop.ServiceLogAspect - 【服务调用成功】AlertService.getTodayAlertCount，结果：0
2025-11-26 11:21:25 [http-nio-9091-exec-6] INFO  com.example.demo.aop.ServiceLogAspect - 【服务调用成功】DeviceService.getAllDevices，结果：[com.example.demo.entity.Device@3f556e82, com.example.demo.entity.Device@2d3cb70b, com.example.demo.entity.Device@14794e0a, com.example.demo.entity.Device@620c7a13, com.example.demo.entity.Device@763929ae]
2025-11-26 11:21:31 [http-nio-9091-exec-4] INFO  com.example.demo.aop.ServiceLogAspect - 【服务调用开始】DeviceService.getCountAll，参数：[]
2025-11-26 11:21:31 [http-nio-9091-exec-2] INFO  com.example.demo.aop.ServiceLogAspect - 【服务调用开始】AlertService.getTodayAlertCount，参数：[2025-11-26 11:21:31]
2025-11-26 11:21:31 [http-nio-9091-exec-9] INFO  com.example.demo.aop.ServiceLogAspect - 【服务调用开始】DeviceService.getWaitCalibrationCountNow，参数：[]
2025-11-26 11:21:31 [http-nio-9091-exec-4] INFO  com.example.demo.aop.ServiceLogAspect - 【服务调用成功】DeviceService.getCountAll，结果：5
2025-11-26 11:21:31 [http-nio-9091-exec-2] INFO  com.example.demo.aop.ServiceLogAspect - 【服务调用成功】AlertService.getTodayAlertCount，结果：0
2025-11-26 11:21:31 [http-nio-9091-exec-9] INFO  com.example.demo.aop.ServiceLogAspect - 【服务调用成功】DeviceService.getWaitCalibrationCountNow，结果：1
2025-11-26 11:21:31 [http-nio-9091-exec-7] INFO  com.example.demo.aop.ServiceLogAspect - 【服务调用开始】DeviceService.getAllDevices，参数：[]
2025-11-26 11:21:31 [http-nio-9091-exec-7] INFO  com.example.demo.aop.ServiceLogAspect - 【服务调用成功】DeviceService.getAllDevices，结果：[com.example.demo.entity.Device@73ae6f37, com.example.demo.entity.Device@138d98ff, com.example.demo.entity.Device@1c156a96, com.example.demo.entity.Device@7ee2cc27, com.example.demo.entity.Device@7eb5d31b]
2025-11-26 11:23:05 [http-nio-9091-exec-10] INFO  com.example.demo.aop.ServiceLogAspect - 【服务调用开始】DeviceService.getCountAll，参数：[]
2025-11-26 11:23:05 [http-nio-9091-exec-1] INFO  com.example.demo.aop.ServiceLogAspect - 【服务调用开始】DeviceService.getWaitCalibrationCountNow，参数：[]
2025-11-26 11:23:05 [http-nio-9091-exec-8] INFO  com.example.demo.aop.ServiceLogAspect - 【服务调用开始】AlertService.getTodayAlertCount，参数：[2025-11-26 11:23:05]
2025-11-26 11:23:05 [http-nio-9091-exec-10] INFO  com.example.demo.aop.ServiceLogAspect - 【服务调用成功】DeviceService.getCountAll，结果：5
2025-11-26 11:23:05 [http-nio-9091-exec-1] INFO  com.example.demo.aop.ServiceLogAspect - 【服务调用成功】DeviceService.getWaitCalibrationCountNow，结果：1
2025-11-26 11:23:05 [http-nio-9091-exec-8] INFO  com.example.demo.aop.ServiceLogAspect - 【服务调用成功】AlertService.getTodayAlertCount，结果：0
2025-11-26 11:23:05 [http-nio-9091-exec-5] INFO  com.example.demo.aop.ServiceLogAspect - 【服务调用开始】InspectDataService.getLatestInspectionsWithDeviceInfo，参数：[]
2025-11-26 11:23:05 [http-nio-9091-exec-3] INFO  com.example.demo.aop.ServiceLogAspect - 【服务调用开始】DeviceService.getAllDevices，参数：[]
2025-11-26 11:23:05 [http-nio-9091-exec-3] INFO  com.example.demo.aop.ServiceLogAspect - 【服务调用成功】DeviceService.getAllDevices，结果：[com.example.demo.entity.Device@3c27dde, com.example.demo.entity.Device@74c7e6ca, com.example.demo.entity.Device@3f21e181, com.example.demo.entity.Device@49db0b67, com.example.demo.entity.Device@5967b30f]
2025-11-26 11:23:05 [http-nio-9091-exec-5] INFO  com.example.demo.aop.ServiceLogAspect - 【服务调用成功】InspectDataService.getLatestInspectionsWithDeviceInfo，结果：[com.example.demo.entity.InspectionData@3bda2b85, com.example.demo.entity.InspectionData@48db558d]
2025-11-26 11:23:11 [http-nio-9091-exec-9] INFO  com.example.demo.aop.ServiceLogAspect - 【服务调用开始】DeviceService.getAllDevices，参数：[]
2025-11-26 11:23:11 [http-nio-9091-exec-2] INFO  com.example.demo.aop.ServiceLogAspect - 【服务调用开始】DeviceService.getWaitCalibrationCountNow，参数：[]
2025-11-26 11:23:11 [http-nio-9091-exec-6] INFO  com.example.demo.aop.ServiceLogAspect - 【服务调用开始】DeviceService.getCountAll，参数：[]
2025-11-26 11:23:11 [http-nio-9091-exec-4] INFO  com.example.demo.aop.ServiceLogAspect - 【服务调用开始】AlertService.getTodayAlertCount，参数：[2025-11-26 11:23:11]
2025-11-26 11:23:11 [http-nio-9091-exec-6] INFO  com.example.demo.aop.ServiceLogAspect - 【服务调用成功】DeviceService.getCountAll，结果：5
2025-11-26 11:23:11 [http-nio-9091-exec-2] INFO  com.example.demo.aop.ServiceLogAspect - 【服务调用成功】DeviceService.getWaitCalibrationCountNow，结果：1
2025-11-26 11:23:11 [http-nio-9091-exec-4] INFO  com.example.demo.aop.ServiceLogAspect - 【服务调用成功】AlertService.getTodayAlertCount，结果：0
2025-11-26 11:23:11 [http-nio-9091-exec-9] INFO  com.example.demo.aop.ServiceLogAspect - 【服务调用成功】DeviceService.getAllDevices，结果：[com.example.demo.entity.Device@5d95c413, com.example.demo.entity.Device@58768d26, com.example.demo.entity.Device@3ca7a6db, com.example.demo.entity.Device@468cd55b, com.example.demo.entity.Device@354a24c5]
2025-11-26 11:23:16 [http-nio-9091-exec-7] INFO  com.example.demo.aop.ServiceLogAspect - 【服务调用开始】DeviceService.getCountAll，参数：[]
2025-11-26 11:23:16 [http-nio-9091-exec-10] INFO  com.example.demo.aop.ServiceLogAspect - 【服务调用开始】DeviceService.getWaitCalibrationCountNow，参数：[]
2025-11-26 11:23:16 [http-nio-9091-exec-3] INFO  com.example.demo.aop.ServiceLogAspect - 【服务调用开始】InspectDataService.getLatestInspectionsWithDeviceInfo，参数：[]
2025-11-26 11:23:16 [http-nio-9091-exec-1] INFO  com.example.demo.aop.ServiceLogAspect - 【服务调用开始】AlertService.getTodayAlertCount，参数：[2025-11-26 11:23:16]
2025-11-26 11:23:16 [http-nio-9091-exec-8] INFO  com.example.demo.aop.ServiceLogAspect - 【服务调用开始】DeviceService.getAllDevices，参数：[]
2025-11-26 11:23:16 [http-nio-9091-exec-7] INFO  com.example.demo.aop.ServiceLogAspect - 【服务调用成功】DeviceService.getCountAll，结果：5
2025-11-26 11:23:16 [http-nio-9091-exec-10] INFO  com.example.demo.aop.ServiceLogAspect - 【服务调用成功】DeviceService.getWaitCalibrationCountNow，结果：1
2025-11-26 11:23:16 [http-nio-9091-exec-1] INFO  com.example.demo.aop.ServiceLogAspect - 【服务调用成功】AlertService.getTodayAlertCount，结果：0
2025-11-26 11:23:16 [http-nio-9091-exec-8] INFO  com.example.demo.aop.ServiceLogAspect - 【服务调用成功】DeviceService.getAllDevices，结果：[com.example.demo.entity.Device@5530895c, com.example.demo.entity.Device@723ae3db, com.example.demo.entity.Device@6aeb98db, com.example.demo.entity.Device@640bcd04, com.example.demo.entity.Device@3520c2b0]
2025-11-26 11:23:16 [http-nio-9091-exec-3] INFO  com.example.demo.aop.ServiceLogAspect - 【服务调用成功】InspectDataService.getLatestInspectionsWithDeviceInfo，结果：[com.example.demo.entity.InspectionData@36a56cd1, com.example.demo.entity.InspectionData@1a06c117]
2025-11-26 11:23:20 [http-nio-9091-exec-5] INFO  com.example.demo.aop.ServiceLogAspect - 【服务调用开始】DeviceService.getCountAll，参数：[]
2025-11-26 11:23:20 [http-nio-9091-exec-5] INFO  com.example.demo.aop.ServiceLogAspect - 【服务调用成功】DeviceService.getCountAll，结果：5
2025-11-26 11:23:20 [http-nio-9091-exec-2] INFO  com.example.demo.aop.ServiceLogAspect - 【服务调用开始】DeviceService.getWaitCalibrationCountNow，参数：[]
2025-11-26 11:23:20 [http-nio-9091-exec-4] INFO  com.example.demo.aop.ServiceLogAspect - 【服务调用开始】AlertService.getDeviceAlertOverview，参数：[]
2025-11-26 11:23:20 [http-nio-9091-exec-5] INFO  com.example.demo.aop.ServiceLogAspect - 【服务调用开始】AlertService.getAlertDetailsByTimeRange，参数：[2025-11-18T19:23, 2025-11-25T19:23, null, 0, 50]
2025-11-26 11:23:20 [http-nio-9091-exec-6] INFO  com.example.demo.aop.ServiceLogAspect - 【服务调用开始】AlertService.getTodayAlertCount，参数：[2025-11-26 11:23:20]
2025-11-26 11:23:20 [http-nio-9091-exec-2] INFO  com.example.demo.aop.ServiceLogAspect - 【服务调用成功】DeviceService.getWaitCalibrationCountNow，结果：1
2025-11-26 11:23:20 [http-nio-9091-exec-6] INFO  com.example.demo.aop.ServiceLogAspect - 【服务调用成功】AlertService.getTodayAlertCount，结果：0
2025-11-26 11:23:20 [http-nio-9091-exec-5] INFO  com.example.demo.aop.ServiceLogAspect - 【服务调用成功】AlertService.getAlertDetailsByTimeRange，结果：{currentPage=0, pageSize=50, content=[], totalElements=0, totalPages=0}
2025-11-26 11:23:20 [http-nio-9091-exec-4] INFO  com.example.demo.aop.ServiceLogAspect - 【服务调用成功】AlertService.getDeviceAlertOverview，结果：[{deviceType=D4, operationalStatus=RUNNING, alertStatus=ON, latestAlertLevel=YELLOW, latestAlertTime=2025-07-13T10:05:04, location=loc1, deviceCode=001, deviceId=1, deviceName=Inoue Rin, monitorStatus=MONITORON, latestAlertContext=002}, {deviceType=DB, operationalStatus=RUNNING, alertStatus=OFF, latestAlertLevel=null, latestAlertTime=null, location=loc2, deviceCode=002, deviceId=2, deviceName=Kong Lan, monitorStatus=MONITORON, latestAlertContext=null}, {deviceType=DB, operationalStatus=OFFLINE, alertStatus=OFF, latestAlertLevel=null, latestAlertTime=null, location=loc3, deviceCode=003, deviceId=3, deviceName=Chic Kwok Yin, monitorStatus=MONITORINTERRUPT, latestAlertContext=null}, {deviceType=D4, operationalStatus=OFFLINE, alertStatus=OFF, latestAlertLevel=null, latestAlertTime=null, location=loc4, deviceCode=004, deviceId=4, deviceName=Lo Wai Lam, monitorStatus=MONITORON, latestAlertContext=null}, {deviceType=DB, operationalStatus=OFFLINE, alertStatus=OFF, latestAlertLevel=null, latestAlertTime=null, location=loc5, deviceCode=005, deviceId=5, deviceName=Saito Ayano, monitorStatus=MONITOROFF, latestAlertContext=null}]
2025-11-26 11:23:20 [http-nio-9091-exec-7] INFO  com.example.demo.aop.ServiceLogAspect - 【服务调用开始】DeviceService.getCountAll，参数：[]
2025-11-26 11:23:20 [http-nio-9091-exec-7] INFO  com.example.demo.aop.ServiceLogAspect - 【服务调用成功】DeviceService.getCountAll，结果：5
2025-11-26 11:23:20 [http-nio-9091-exec-1] INFO  com.example.demo.aop.ServiceLogAspect - 【服务调用开始】DeviceService.getWaitCalibrationCountNow，参数：[]
2025-11-26 11:23:20 [http-nio-9091-exec-10] INFO  com.example.demo.aop.ServiceLogAspect - 【服务调用开始】AlertService.getTodayAlertCount，参数：[2025-11-26 11:23:20]
2025-11-26 11:23:20 [http-nio-9091-exec-1] INFO  com.example.demo.aop.ServiceLogAspect - 【服务调用成功】DeviceService.getWaitCalibrationCountNow，结果：1
2025-11-26 11:23:20 [http-nio-9091-exec-10] INFO  com.example.demo.aop.ServiceLogAspect - 【服务调用成功】AlertService.getTodayAlertCount，结果：0
2025-11-26 11:23:21 [http-nio-9091-exec-8] INFO  com.example.demo.aop.ServiceLogAspect - 【服务调用开始】DeviceService.getCountAll，参数：[]
2025-11-26 11:23:21 [http-nio-9091-exec-8] INFO  com.example.demo.aop.ServiceLogAspect - 【服务调用成功】DeviceService.getCountAll，结果：5
2025-11-26 11:23:21 [http-nio-9091-exec-9] INFO  com.example.demo.aop.ServiceLogAspect - 【服务调用开始】DeviceService.getWaitCalibrationCountNow，参数：[]
2025-11-26 11:23:21 [http-nio-9091-exec-2] INFO  com.example.demo.aop.ServiceLogAspect - 【服务调用开始】DeviceService.getAllDevices，参数：[]
2025-11-26 11:23:21 [http-nio-9091-exec-3] INFO  com.example.demo.aop.ServiceLogAspect - 【服务调用开始】AlertService.getTodayAlertCount，参数：[2025-11-26 11:23:21]
2025-11-26 11:23:21 [http-nio-9091-exec-9] INFO  com.example.demo.aop.ServiceLogAspect - 【服务调用成功】DeviceService.getWaitCalibrationCountNow，结果：1
2025-11-26 11:23:21 [http-nio-9091-exec-3] INFO  com.example.demo.aop.ServiceLogAspect - 【服务调用成功】AlertService.getTodayAlertCount，结果：0
2025-11-26 11:23:21 [http-nio-9091-exec-2] INFO  com.example.demo.aop.ServiceLogAspect - 【服务调用成功】DeviceService.getAllDevices，结果：[com.example.demo.entity.Device@21709290, com.example.demo.entity.Device@1bba2b1d, com.example.demo.entity.Device@ba0442f, com.example.demo.entity.Device@73155db2, com.example.demo.entity.Device@5654b552]
2025-11-26 11:23:21 [http-nio-9091-exec-6] INFO  com.example.demo.aop.ServiceLogAspect - 【服务调用开始】DeviceService.getCountAll，参数：[]
2025-11-26 11:23:21 [http-nio-9091-exec-6] INFO  com.example.demo.aop.ServiceLogAspect - 【服务调用成功】DeviceService.getCountAll，结果：5
2025-11-26 11:23:21 [http-nio-9091-exec-4] INFO  com.example.demo.aop.ServiceLogAspect - 【服务调用开始】DeviceService.getWaitCalibrationCountNow，参数：[]
2025-11-26 11:23:21 [http-nio-9091-exec-5] INFO  com.example.demo.aop.ServiceLogAspect - 【服务调用开始】AlertService.getTodayAlertCount，参数：[2025-11-26 11:23:21]
2025-11-26 11:23:21 [http-nio-9091-exec-5] INFO  com.example.demo.aop.ServiceLogAspect - 【服务调用成功】AlertService.getTodayAlertCount，结果：0
2025-11-26 11:23:21 [http-nio-9091-exec-4] INFO  com.example.demo.aop.ServiceLogAspect - 【服务调用成功】DeviceService.getWaitCalibrationCountNow，结果：1
2025-11-26 11:23:23 [http-nio-9091-exec-7] INFO  com.example.demo.aop.ServiceLogAspect - 【服务调用开始】DeviceService.getCountAll，参数：[]
2025-11-26 11:23:23 [http-nio-9091-exec-1] INFO  com.example.demo.aop.ServiceLogAspect - 【服务调用开始】DeviceService.getWaitCalibrationCountNow，参数：[]
2025-11-26 11:23:23 [http-nio-9091-exec-10] INFO  com.example.demo.aop.ServiceLogAspect - 【服务调用开始】AlertService.getTodayAlertCount，参数：[2025-11-26 11:23:23]
2025-11-26 11:23:23 [http-nio-9091-exec-7] INFO  com.example.demo.aop.ServiceLogAspect - 【服务调用成功】DeviceService.getCountAll，结果：5
2025-11-26 11:23:23 [http-nio-9091-exec-1] INFO  com.example.demo.aop.ServiceLogAspect - 【服务调用成功】DeviceService.getWaitCalibrationCountNow，结果：1
2025-11-26 11:23:23 [http-nio-9091-exec-10] INFO  com.example.demo.aop.ServiceLogAspect - 【服务调用成功】AlertService.getTodayAlertCount，结果：0
2025-11-26 11:23:26 [http-nio-9091-exec-8] INFO  com.example.demo.aop.ServiceLogAspect - 【服务调用开始】DeviceService.getCountAll，参数：[]
2025-11-26 11:23:26 [http-nio-9091-exec-8] INFO  com.example.demo.aop.ServiceLogAspect - 【服务调用成功】DeviceService.getCountAll，结果：5
2025-11-26 11:23:26 [http-nio-9091-exec-3] INFO  com.example.demo.aop.ServiceLogAspect - 【服务调用开始】DeviceService.getWaitCalibrationCountNow，参数：[]
2025-11-26 11:23:26 [http-nio-9091-exec-9] INFO  com.example.demo.aop.ServiceLogAspect - 【服务调用开始】AlertService.getTodayAlertCount，参数：[2025-11-26 11:23:26]
2025-11-26 11:23:26 [http-nio-9091-exec-2] INFO  com.example.demo.aop.ServiceLogAspect - 【服务调用开始】DeviceService.getAllDevices，参数：[]
2025-11-26 11:23:26 [http-nio-9091-exec-3] INFO  com.example.demo.aop.ServiceLogAspect - 【服务调用成功】DeviceService.getWaitCalibrationCountNow，结果：1
2025-11-26 11:23:26 [http-nio-9091-exec-9] INFO  com.example.demo.aop.ServiceLogAspect - 【服务调用成功】AlertService.getTodayAlertCount，结果：0
2025-11-26 11:23:26 [http-nio-9091-exec-2] INFO  com.example.demo.aop.ServiceLogAspect - 【服务调用成功】DeviceService.getAllDevices，结果：[com.example.demo.entity.Device@55ff0b87, com.example.demo.entity.Device@8bfde59, com.example.demo.entity.Device@66b7b5fc, com.example.demo.entity.Device@3f5e2142, com.example.demo.entity.Device@12d0a61d]
2025-11-26 11:23:26 [http-nio-9091-exec-6] INFO  com.example.demo.aop.ServiceLogAspect - 【服务调用开始】DeviceService.getCountAll，参数：[]
2025-11-26 11:23:26 [http-nio-9091-exec-5] INFO  com.example.demo.aop.ServiceLogAspect - 【服务调用开始】DeviceService.getWaitCalibrationCountNow，参数：[]
2025-11-26 11:23:26 [http-nio-9091-exec-6] INFO  com.example.demo.aop.ServiceLogAspect - 【服务调用成功】DeviceService.getCountAll，结果：5
2025-11-26 11:23:26 [http-nio-9091-exec-4] INFO  com.example.demo.aop.ServiceLogAspect - 【服务调用开始】AlertService.getTodayAlertCount，参数：[2025-11-26 11:23:26]
2025-11-26 11:23:26 [http-nio-9091-exec-5] INFO  com.example.demo.aop.ServiceLogAspect - 【服务调用成功】DeviceService.getWaitCalibrationCountNow，结果：1
2025-11-26 11:23:26 [http-nio-9091-exec-4] INFO  com.example.demo.aop.ServiceLogAspect - 【服务调用成功】AlertService.getTodayAlertCount，结果：0
2025-11-26 11:23:30 [http-nio-9091-exec-7] INFO  com.example.demo.aop.ServiceLogAspect - 【服务调用开始】DeviceService.getCountAll，参数：[]
2025-11-26 11:23:30 [http-nio-9091-exec-7] INFO  com.example.demo.aop.ServiceLogAspect - 【服务调用成功】DeviceService.getCountAll，结果：5
2025-11-26 11:23:30 [http-nio-9091-exec-7] INFO  com.example.demo.aop.ServiceLogAspect - 【服务调用开始】DeviceService.getWaitCalibrationCountNow，参数：[]
2025-11-26 11:23:30 [http-nio-9091-exec-1] INFO  com.example.demo.aop.ServiceLogAspect - 【服务调用开始】AlertService.getTodayAlertCount，参数：[2025-11-26 11:23:30]
2025-11-26 11:23:30 [http-nio-9091-exec-8] INFO  com.example.demo.aop.ServiceLogAspect - 【服务调用开始】DeviceService.getAllDevices，参数：[]
2025-11-26 11:23:30 [http-nio-9091-exec-7] INFO  com.example.demo.aop.ServiceLogAspect - 【服务调用成功】DeviceService.getWaitCalibrationCountNow，结果：1
2025-11-26 11:23:30 [http-nio-9091-exec-1] INFO  com.example.demo.aop.ServiceLogAspect - 【服务调用成功】AlertService.getTodayAlertCount，结果：0
2025-11-26 11:23:30 [http-nio-9091-exec-8] INFO  com.example.demo.aop.ServiceLogAspect - 【服务调用成功】DeviceService.getAllDevices，结果：[com.example.demo.entity.Device@85dab8c, com.example.demo.entity.Device@759becca, com.example.demo.entity.Device@45eec97c, com.example.demo.entity.Device@3ffb320, com.example.demo.entity.Device@661b6918]
2025-11-26 11:23:30 [http-nio-9091-exec-3] INFO  com.example.demo.aop.ServiceLogAspect - 【服务调用开始】AlertService.getTodayAlertCount，参数：[2025-11-26 11:23:30]
2025-11-26 11:23:30 [http-nio-9091-exec-9] INFO  com.example.demo.aop.ServiceLogAspect - 【服务调用开始】DeviceService.getCountAll，参数：[]
2025-11-26 11:23:30 [http-nio-9091-exec-2] INFO  com.example.demo.aop.ServiceLogAspect - 【服务调用开始】DeviceService.getWaitCalibrationCountNow，参数：[]
2025-11-26 11:23:30 [http-nio-9091-exec-2] INFO  com.example.demo.aop.ServiceLogAspect - 【服务调用成功】DeviceService.getWaitCalibrationCountNow，结果：1
2025-11-26 11:23:30 [http-nio-9091-exec-9] INFO  com.example.demo.aop.ServiceLogAspect - 【服务调用成功】DeviceService.getCountAll，结果：5
2025-11-26 11:23:30 [http-nio-9091-exec-3] INFO  com.example.demo.aop.ServiceLogAspect - 【服务调用成功】AlertService.getTodayAlertCount，结果：0
2025-11-26 11:23:34 [http-nio-9091-exec-6] INFO  com.example.demo.aop.ServiceLogAspect - 【服务调用开始】DeviceService.getCountAll，参数：[]
2025-11-26 11:23:34 [http-nio-9091-exec-10] INFO  com.example.demo.aop.ServiceLogAspect - 【服务调用开始】DeviceService.getAllDevices，参数：[]
2025-11-26 11:23:34 [http-nio-9091-exec-4] INFO  com.example.demo.aop.ServiceLogAspect - 【服务调用开始】DeviceService.getWaitCalibrationCountNow，参数：[]
2025-11-26 11:23:34 [http-nio-9091-exec-5] INFO  com.example.demo.aop.ServiceLogAspect - 【服务调用开始】AlertService.getTodayAlertCount，参数：[2025-11-26 11:23:34]
2025-11-26 11:23:34 [http-nio-9091-exec-6] INFO  com.example.demo.aop.ServiceLogAspect - 【服务调用成功】DeviceService.getCountAll，结果：5
2025-11-26 11:23:34 [http-nio-9091-exec-4] INFO  com.example.demo.aop.ServiceLogAspect - 【服务调用成功】DeviceService.getWaitCalibrationCountNow，结果：1
2025-11-26 11:23:34 [http-nio-9091-exec-5] INFO  com.example.demo.aop.ServiceLogAspect - 【服务调用成功】AlertService.getTodayAlertCount，结果：0
2025-11-26 11:23:34 [http-nio-9091-exec-10] INFO  com.example.demo.aop.ServiceLogAspect - 【服务调用成功】DeviceService.getAllDevices，结果：[com.example.demo.entity.Device@5c0f272b, com.example.demo.entity.Device@7d1ab7eb, com.example.demo.entity.Device@1aefc1b5, com.example.demo.entity.Device@1be4c9cf, com.example.demo.entity.Device@3e7783e7]
2025-11-26 11:23:35 [http-nio-9091-exec-7] INFO  com.example.demo.aop.ServiceLogAspect - 【服务调用开始】DeviceService.getCountAll，参数：[]
2025-11-26 11:23:35 [http-nio-9091-exec-8] INFO  com.example.demo.aop.ServiceLogAspect - 【服务调用开始】DeviceService.getWaitCalibrationCountNow，参数：[]
2025-11-26 11:23:35 [http-nio-9091-exec-1] INFO  com.example.demo.aop.ServiceLogAspect - 【服务调用开始】AlertService.getTodayAlertCount，参数：[2025-11-26 11:23:35]
2025-11-26 11:23:35 [http-nio-9091-exec-7] INFO  com.example.demo.aop.ServiceLogAspect - 【服务调用成功】DeviceService.getCountAll，结果：5
2025-11-26 11:23:35 [http-nio-9091-exec-8] INFO  com.example.demo.aop.ServiceLogAspect - 【服务调用成功】DeviceService.getWaitCalibrationCountNow，结果：1
2025-11-26 11:23:35 [http-nio-9091-exec-1] INFO  com.example.demo.aop.ServiceLogAspect - 【服务调用成功】AlertService.getTodayAlertCount，结果：0
2025-11-26 11:25:06 [http-nio-9091-exec-3] INFO  com.example.demo.aop.ServiceLogAspect - 【服务调用开始】DeviceService.getCountAll，参数：[]
2025-11-26 11:25:06 [http-nio-9091-exec-9] INFO  com.example.demo.aop.ServiceLogAspect - 【服务调用开始】DeviceService.getWaitCalibrationCountNow，参数：[]
2025-11-26 11:25:06 [http-nio-9091-exec-2] INFO  com.example.demo.aop.ServiceLogAspect - 【服务调用开始】AlertService.getTodayAlertCount，参数：[2025-11-26 11:25:06]
2025-11-26 11:25:06 [http-nio-9091-exec-6] INFO  com.example.demo.aop.ServiceLogAspect - 【服务调用开始】DeviceService.getAllDevices，参数：[]
2025-11-26 11:25:06 [http-nio-9091-exec-9] INFO  com.example.demo.aop.ServiceLogAspect - 【服务调用成功】DeviceService.getWaitCalibrationCountNow，结果：1
2025-11-26 11:25:06 [http-nio-9091-exec-3] INFO  com.example.demo.aop.ServiceLogAspect - 【服务调用成功】DeviceService.getCountAll，结果：5
2025-11-26 11:25:06 [http-nio-9091-exec-2] INFO  com.example.demo.aop.ServiceLogAspect - 【服务调用成功】AlertService.getTodayAlertCount，结果：0
2025-11-26 11:25:06 [http-nio-9091-exec-6] INFO  com.example.demo.aop.ServiceLogAspect - 【服务调用成功】DeviceService.getAllDevices，结果：[com.example.demo.entity.Device@fa9c2ad, com.example.demo.entity.Device@401e2144, com.example.demo.entity.Device@6b9f62e1, com.example.demo.entity.Device@4ebe88e9, com.example.demo.entity.Device@f438739]
2025-11-26 11:25:06 [http-nio-9091-exec-4] INFO  com.example.demo.aop.ServiceLogAspect - 【服务调用开始】DeviceService.getCountAll，参数：[]
2025-11-26 11:25:06 [http-nio-9091-exec-4] INFO  com.example.demo.aop.ServiceLogAspect - 【服务调用成功】DeviceService.getCountAll，结果：5
2025-11-26 11:25:06 [http-nio-9091-exec-10] INFO  com.example.demo.aop.ServiceLogAspect - 【服务调用开始】DeviceService.getWaitCalibrationCountNow，参数：[]
2025-11-26 11:25:06 [http-nio-9091-exec-5] INFO  com.example.demo.aop.ServiceLogAspect - 【服务调用开始】AlertService.getTodayAlertCount，参数：[2025-11-26 11:25:06]
2025-11-26 11:25:06 [http-nio-9091-exec-10] INFO  com.example.demo.aop.ServiceLogAspect - 【服务调用成功】DeviceService.getWaitCalibrationCountNow，结果：1
2025-11-26 11:25:06 [http-nio-9091-exec-5] INFO  com.example.demo.aop.ServiceLogAspect - 【服务调用成功】AlertService.getTodayAlertCount，结果：0
2025-11-26 11:25:07 [http-nio-9091-exec-7] INFO  com.example.demo.aop.ServiceLogAspect - 【服务调用开始】DeviceService.getCountAll，参数：[]
2025-11-26 11:25:07 [http-nio-9091-exec-7] INFO  com.example.demo.aop.ServiceLogAspect - 【服务调用成功】DeviceService.getCountAll，结果：5
2025-11-26 11:25:07 [http-nio-9091-exec-3] INFO  com.example.demo.aop.ServiceLogAspect - 【服务调用开始】DeviceService.getAllDevices，参数：[]
2025-11-26 11:25:07 [http-nio-9091-exec-1] INFO  com.example.demo.aop.ServiceLogAspect - 【服务调用开始】DeviceService.getWaitCalibrationCountNow，参数：[]
2025-11-26 11:25:07 [http-nio-9091-exec-8] INFO  com.example.demo.aop.ServiceLogAspect - 【服务调用开始】AlertService.getTodayAlertCount，参数：[2025-11-26 11:25:07]
2025-11-26 11:25:07 [http-nio-9091-exec-1] INFO  com.example.demo.aop.ServiceLogAspect - 【服务调用成功】DeviceService.getWaitCalibrationCountNow，结果：1
2025-11-26 11:25:07 [http-nio-9091-exec-8] INFO  com.example.demo.aop.ServiceLogAspect - 【服务调用成功】AlertService.getTodayAlertCount，结果：0
2025-11-26 11:25:07 [http-nio-9091-exec-3] INFO  com.example.demo.aop.ServiceLogAspect - 【服务调用成功】DeviceService.getAllDevices，结果：[com.example.demo.entity.Device@79abed80, com.example.demo.entity.Device@33b9e99a, com.example.demo.entity.Device@79fcd630, com.example.demo.entity.Device@c53bcbf, com.example.demo.entity.Device@2ab28758]
2025-11-26 11:26:47 [http-nio-9091-exec-9] INFO  com.example.demo.aop.ServiceLogAspect - 【服务调用开始】DeviceService.getCountAll，参数：[]
2025-11-26 11:26:47 [http-nio-9091-exec-2] INFO  com.example.demo.aop.ServiceLogAspect - 【服务调用开始】AlertService.getTodayAlertCount，参数：[2025-11-26 11:26:47]
2025-11-26 11:26:47 [http-nio-9091-exec-6] INFO  com.example.demo.aop.ServiceLogAspect - 【服务调用开始】DeviceService.getWaitCalibrationCountNow，参数：[]
2025-11-26 11:26:47 [http-nio-9091-exec-10] INFO  com.example.demo.aop.ServiceLogAspect - 【服务调用开始】InspectDataService.getLatestInspectionsWithDeviceInfo，参数：[]
2025-11-26 11:26:47 [http-nio-9091-exec-4] INFO  com.example.demo.aop.ServiceLogAspect - 【服务调用开始】DeviceService.getAllDevices，参数：[]
2025-11-26 11:26:47 [http-nio-9091-exec-9] INFO  com.example.demo.aop.ServiceLogAspect - 【服务调用成功】DeviceService.getCountAll，结果：5
2025-11-26 11:26:47 [http-nio-9091-exec-6] INFO  com.example.demo.aop.ServiceLogAspect - 【服务调用成功】DeviceService.getWaitCalibrationCountNow，结果：1
2025-11-26 11:26:47 [http-nio-9091-exec-2] INFO  com.example.demo.aop.ServiceLogAspect - 【服务调用成功】AlertService.getTodayAlertCount，结果：0
2025-11-26 11:26:47 [http-nio-9091-exec-4] INFO  com.example.demo.aop.ServiceLogAspect - 【服务调用成功】DeviceService.getAllDevices，结果：[com.example.demo.entity.Device@77cfc17, com.example.demo.entity.Device@34d46618, com.example.demo.entity.Device@1944f94a, com.example.demo.entity.Device@443286e7, com.example.demo.entity.Device@244e4632]
2025-11-26 11:26:47 [http-nio-9091-exec-10] INFO  com.example.demo.aop.ServiceLogAspect - 【服务调用成功】InspectDataService.getLatestInspectionsWithDeviceInfo，结果：[com.example.demo.entity.InspectionData@76039036, com.example.demo.entity.InspectionData@1e001610]
2025-11-26 11:36:08 [http-nio-9091-exec-1] INFO  com.example.demo.aop.ServiceLogAspect - 【服务调用开始】AlertService.getTodayAlertCount，参数：[2025-11-26 11:36:08]
2025-11-26 11:36:08 [http-nio-9091-exec-7] INFO  com.example.demo.aop.ServiceLogAspect - 【服务调用开始】AlertService.getTodayAlertCount，参数：[2025-11-26 11:36:08]
2025-11-26 11:36:08 [http-nio-9091-exec-8] INFO  com.example.demo.aop.ServiceLogAspect - 【服务调用开始】DeviceService.getWaitCalibrationCountNow，参数：[]
2025-11-26 11:36:08 [http-nio-9091-exec-5] INFO  com.example.demo.aop.ServiceLogAspect - 【服务调用开始】DeviceService.getCountAll，参数：[]
2025-11-26 11:36:08 [http-nio-9091-exec-9] INFO  com.example.demo.aop.ServiceLogAspect - 【服务调用开始】InspectDataService.getLatestInspectionsWithDeviceInfo，参数：[]
2025-11-26 11:36:08 [http-nio-9091-exec-3] INFO  com.example.demo.aop.ServiceLogAspect - 【服务调用开始】DeviceService.getAllDevices，参数：[]
2025-11-26 11:36:08 [http-nio-9091-exec-5] INFO  com.example.demo.aop.ServiceLogAspect - 【服务调用成功】DeviceService.getCountAll，结果：5
2025-11-26 11:36:08 [http-nio-9091-exec-8] INFO  com.example.demo.aop.ServiceLogAspect - 【服务调用成功】DeviceService.getWaitCalibrationCountNow，结果：1
2025-11-26 11:36:08 [http-nio-9091-exec-7] INFO  com.example.demo.aop.ServiceLogAspect - 【服务调用成功】AlertService.getTodayAlertCount，结果：0
2025-11-26 11:36:08 [http-nio-9091-exec-1] INFO  com.example.demo.aop.ServiceLogAspect - 【服务调用成功】AlertService.getTodayAlertCount，结果：0
2025-11-26 11:36:08 [http-nio-9091-exec-9] INFO  com.example.demo.aop.ServiceLogAspect - 【服务调用成功】InspectDataService.getLatestInspectionsWithDeviceInfo，结果：[com.example.demo.entity.InspectionData@675c9384, com.example.demo.entity.InspectionData@49061ea9]
2025-11-26 11:36:08 [http-nio-9091-exec-3] INFO  com.example.demo.aop.ServiceLogAspect - 【服务调用成功】DeviceService.getAllDevices，结果：[com.example.demo.entity.Device@5eda0719, com.example.demo.entity.Device@dbe4b04, com.example.demo.entity.Device@42d19c19, com.example.demo.entity.Device@5b2d0037, com.example.demo.entity.Device@55413684]
2025-11-26 11:36:08 [http-nio-9091-exec-2] INFO  com.example.demo.aop.ServiceLogAspect - 【服务调用开始】DeviceService.getCountAll，参数：[]
2025-11-26 11:36:08 [http-nio-9091-exec-4] INFO  com.example.demo.aop.ServiceLogAspect - 【服务调用开始】DeviceService.getWaitCalibrationCountNow，参数：[]
2025-11-26 11:36:08 [http-nio-9091-exec-6] INFO  com.example.demo.aop.ServiceLogAspect - 【服务调用开始】UserService.getStaffByStaffcode，参数：[002501]
2025-11-26 11:36:08 [http-nio-9091-exec-2] INFO  com.example.demo.aop.ServiceLogAspect - 【服务调用成功】DeviceService.getCountAll，结果：5
2025-11-26 11:36:08 [http-nio-9091-exec-4] INFO  com.example.demo.aop.ServiceLogAspect - 【服务调用成功】DeviceService.getWaitCalibrationCountNow，结果：1
2025-11-26 11:36:08 [http-nio-9091-exec-6] INFO  com.example.demo.aop.ServiceLogAspect - 【服务调用成功】UserService.getStaffByStaffcode，结果：com.example.demo.entity.Staff@29bfb26d
2025-11-26 11:36:08 [http-nio-9091-exec-6] INFO  com.example.demo.aop.ServiceLogAspect - 【服务调用开始】RoleService.getRoleById，参数：[3]
2025-11-26 11:36:08 [http-nio-9091-exec-6] INFO  com.example.demo.aop.ServiceLogAspect - 【服务调用成功】RoleService.getRoleById，结果：com.example.demo.entity.Role@34df3dc1
2025-11-26 11:36:08 [http-nio-9091-exec-8] INFO  com.example.demo.aop.ServiceLogAspect - 【服务调用开始】DeviceService.getCountAll，参数：[]
2025-11-26 11:36:08 [http-nio-9091-exec-5] INFO  com.example.demo.aop.ServiceLogAspect - 【服务调用开始】DeviceService.getWaitCalibrationCountNow，参数：[]
2025-11-26 11:36:08 [http-nio-9091-exec-10] INFO  com.example.demo.aop.ServiceLogAspect - 【服务调用开始】AlertService.getTodayAlertCount，参数：[2025-11-26 11:36:08]
2025-11-26 11:36:08 [http-nio-9091-exec-5] INFO  com.example.demo.aop.ServiceLogAspect - 【服务调用成功】DeviceService.getWaitCalibrationCountNow，结果：1
2025-11-26 11:36:08 [http-nio-9091-exec-8] INFO  com.example.demo.aop.ServiceLogAspect - 【服务调用成功】DeviceService.getCountAll，结果：5
2025-11-26 11:36:08 [http-nio-9091-exec-10] INFO  com.example.demo.aop.ServiceLogAspect - 【服务调用成功】AlertService.getTodayAlertCount，结果：0
2025-11-26 11:36:10 [http-nio-9091-exec-7] INFO  com.example.demo.aop.ServiceLogAspect - 【服务调用开始】DeviceService.getCountAll，参数：[]
2025-11-26 11:36:10 [http-nio-9091-exec-3] INFO  com.example.demo.aop.ServiceLogAspect - 【服务调用开始】DeviceService.getAllDevices，参数：[]
2025-11-26 11:36:10 [http-nio-9091-exec-9] INFO  com.example.demo.aop.ServiceLogAspect - 【服务调用开始】DeviceService.getWaitCalibrationCountNow，参数：[]
2025-11-26 11:36:10 [http-nio-9091-exec-7] INFO  com.example.demo.aop.ServiceLogAspect - 【服务调用成功】DeviceService.getCountAll，结果：5
2025-11-26 11:36:10 [http-nio-9091-exec-1] INFO  com.example.demo.aop.ServiceLogAspect - 【服务调用开始】AlertService.getTodayAlertCount，参数：[2025-11-26 11:36:10]
2025-11-26 11:36:10 [http-nio-9091-exec-9] INFO  com.example.demo.aop.ServiceLogAspect - 【服务调用成功】DeviceService.getWaitCalibrationCountNow，结果：1
2025-11-26 11:36:10 [http-nio-9091-exec-1] INFO  com.example.demo.aop.ServiceLogAspect - 【服务调用成功】AlertService.getTodayAlertCount，结果：0
2025-11-26 11:36:10 [http-nio-9091-exec-3] INFO  com.example.demo.aop.ServiceLogAspect - 【服务调用成功】DeviceService.getAllDevices，结果：[com.example.demo.entity.Device@2bd58dc6, com.example.demo.entity.Device@4d7891e4, com.example.demo.entity.Device@4f83f03, com.example.demo.entity.Device@7832aa3d, com.example.demo.entity.Device@7f0ea340]
2025-11-26 11:36:19 [http-nio-9091-exec-2] INFO  com.example.demo.aop.ServiceLogAspect - 【服务调用开始】DeviceService.getCountAll，参数：[]
2025-11-26 11:36:19 [http-nio-9091-exec-6] INFO  com.example.demo.aop.ServiceLogAspect - 【服务调用开始】DeviceService.getWaitCalibrationCountNow，参数：[]
2025-11-26 11:36:19 [http-nio-9091-exec-8] INFO  com.example.demo.aop.ServiceLogAspect - 【服务调用开始】DeviceService.getAllDevices，参数：[]
2025-11-26 11:36:19 [http-nio-9091-exec-4] INFO  com.example.demo.aop.ServiceLogAspect - 【服务调用开始】AlertService.getTodayAlertCount，参数：[2025-11-26 11:36:19]
2025-11-26 11:36:19 [http-nio-9091-exec-6] INFO  com.example.demo.aop.ServiceLogAspect - 【服务调用成功】DeviceService.getWaitCalibrationCountNow，结果：1
2025-11-26 11:36:19 [http-nio-9091-exec-2] INFO  com.example.demo.aop.ServiceLogAspect - 【服务调用成功】DeviceService.getCountAll，结果：5
2025-11-26 11:36:19 [http-nio-9091-exec-4] INFO  com.example.demo.aop.ServiceLogAspect - 【服务调用成功】AlertService.getTodayAlertCount，结果：0
2025-11-26 11:36:19 [http-nio-9091-exec-8] INFO  com.example.demo.aop.ServiceLogAspect - 【服务调用成功】DeviceService.getAllDevices，结果：[com.example.demo.entity.Device@72d98063, com.example.demo.entity.Device@50e8a1e8, com.example.demo.entity.Device@48f66166, com.example.demo.entity.Device@4c3b99f5, com.example.demo.entity.Device@72dfc289]
2025-11-26 11:36:20 [http-nio-9091-exec-5] INFO  com.example.demo.aop.ServiceLogAspect - 【服务调用开始】DeviceService.getCountAll，参数：[]
2025-11-26 11:36:20 [http-nio-9091-exec-5] INFO  com.example.demo.aop.ServiceLogAspect - 【服务调用成功】DeviceService.getCountAll，结果：5
2025-11-26 11:36:20 [http-nio-9091-exec-7] INFO  com.example.demo.aop.ServiceLogAspect - 【服务调用开始】DeviceService.getWaitCalibrationCountNow，参数：[]
2025-11-26 11:36:20 [http-nio-9091-exec-9] INFO  com.example.demo.aop.ServiceLogAspect - 【服务调用开始】DeviceService.getAllDevices，参数：[]
2025-11-26 11:36:20 [http-nio-9091-exec-1] INFO  com.example.demo.aop.ServiceLogAspect - 【服务调用开始】InspectDataService.getLatestInspectionsWithDeviceInfo，参数：[]
2025-11-26 11:36:20 [http-nio-9091-exec-10] INFO  com.example.demo.aop.ServiceLogAspect - 【服务调用开始】AlertService.getTodayAlertCount，参数：[2025-11-26 11:36:20]
2025-11-26 11:36:20 [http-nio-9091-exec-7] INFO  com.example.demo.aop.ServiceLogAspect - 【服务调用成功】DeviceService.getWaitCalibrationCountNow，结果：1
2025-11-26 11:36:20 [http-nio-9091-exec-10] INFO  com.example.demo.aop.ServiceLogAspect - 【服务调用成功】AlertService.getTodayAlertCount，结果：0
2025-11-26 11:36:20 [http-nio-9091-exec-9] INFO  com.example.demo.aop.ServiceLogAspect - 【服务调用成功】DeviceService.getAllDevices，结果：[com.example.demo.entity.Device@4be28ac9, com.example.demo.entity.Device@675e582, com.example.demo.entity.Device@5903efab, com.example.demo.entity.Device@5e0fef67, com.example.demo.entity.Device@16492ad]
2025-11-26 11:36:20 [http-nio-9091-exec-1] INFO  com.example.demo.aop.ServiceLogAspect - 【服务调用成功】InspectDataService.getLatestInspectionsWithDeviceInfo，结果：[com.example.demo.entity.InspectionData@3f2e9919, com.example.demo.entity.InspectionData@52420531]
2025-11-26 11:36:20 [http-nio-9091-exec-3] INFO  com.example.demo.aop.ServiceLogAspect - 【服务调用开始】DeviceService.getCountAll，参数：[]
2025-11-26 11:36:20 [http-nio-9091-exec-3] INFO  com.example.demo.aop.ServiceLogAspect - 【服务调用成功】DeviceService.getCountAll，结果：5
2025-11-26 11:36:20 [http-nio-9091-exec-6] INFO  com.example.demo.aop.ServiceLogAspect - 【服务调用开始】DeviceService.getWaitCalibrationCountNow，参数：[]
2025-11-26 11:36:20 [http-nio-9091-exec-4] INFO  com.example.demo.aop.ServiceLogAspect - 【服务调用开始】DeviceService.getAllDevices，参数：[]
2025-11-26 11:36:20 [http-nio-9091-exec-2] INFO  com.example.demo.aop.ServiceLogAspect - 【服务调用开始】AlertService.getTodayAlertCount，参数：[2025-11-26 11:36:20]
2025-11-26 11:36:20 [http-nio-9091-exec-6] INFO  com.example.demo.aop.ServiceLogAspect - 【服务调用成功】DeviceService.getWaitCalibrationCountNow，结果：1
2025-11-26 11:36:20 [http-nio-9091-exec-2] INFO  com.example.demo.aop.ServiceLogAspect - 【服务调用成功】AlertService.getTodayAlertCount，结果：0
2025-11-26 11:36:20 [http-nio-9091-exec-4] INFO  com.example.demo.aop.ServiceLogAspect - 【服务调用成功】DeviceService.getAllDevices，结果：[com.example.demo.entity.Device@947b513, com.example.demo.entity.Device@4fa74474, com.example.demo.entity.Device@330c68f9, com.example.demo.entity.Device@145917d5, com.example.demo.entity.Device@2082d760]
2025-11-26 11:40:38 [http-nio-9091-exec-8] INFO  com.example.demo.aop.ServiceLogAspect - 【服务调用开始】DeviceService.getCountAll，参数：[]
2025-11-26 11:40:38 [http-nio-9091-exec-10] INFO  com.example.demo.aop.ServiceLogAspect - 【服务调用开始】DeviceService.getWaitCalibrationCountNow，参数：[]
2025-11-26 11:40:38 [http-nio-9091-exec-9] INFO  com.example.demo.aop.ServiceLogAspect - 【服务调用开始】DeviceService.getAllDevices，参数：[]
2025-11-26 11:40:38 [http-nio-9091-exec-8] INFO  com.example.demo.aop.ServiceLogAspect - 【服务调用成功】DeviceService.getCountAll，结果：5
2025-11-26 11:40:38 [http-nio-9091-exec-1] INFO  com.example.demo.aop.ServiceLogAspect - 【服务调用开始】UserService.getStaffByStaffcode，参数：[002501]
2025-11-26 11:40:38 [http-nio-9091-exec-7] INFO  com.example.demo.aop.ServiceLogAspect - 【服务调用开始】AlertService.getTodayAlertCount，参数：[2025-11-26 11:40:38]
2025-11-26 11:40:38 [http-nio-9091-exec-5] INFO  com.example.demo.aop.ServiceLogAspect - 【服务调用开始】AlertService.getTodayAlertCount，参数：[2025-11-26 11:40:38]
2025-11-26 11:40:38 [http-nio-9091-exec-10] INFO  com.example.demo.aop.ServiceLogAspect - 【服务调用成功】DeviceService.getWaitCalibrationCountNow，结果：1
2025-11-26 11:40:38 [http-nio-9091-exec-5] INFO  com.example.demo.aop.ServiceLogAspect - 【服务调用成功】AlertService.getTodayAlertCount，结果：0
2025-11-26 11:40:38 [http-nio-9091-exec-7] INFO  com.example.demo.aop.ServiceLogAspect - 【服务调用成功】AlertService.getTodayAlertCount，结果：0
2025-11-26 11:40:38 [http-nio-9091-exec-9] INFO  com.example.demo.aop.ServiceLogAspect - 【服务调用成功】DeviceService.getAllDevices，结果：[com.example.demo.entity.Device@31586cf3, com.example.demo.entity.Device@72b73d19, com.example.demo.entity.Device@75235765, com.example.demo.entity.Device@13370b82, com.example.demo.entity.Device@61fac2e3]
2025-11-26 11:40:38 [http-nio-9091-exec-1] INFO  com.example.demo.aop.ServiceLogAspect - 【服务调用成功】UserService.getStaffByStaffcode，结果：com.example.demo.entity.Staff@5e212ddd
2025-11-26 11:40:38 [http-nio-9091-exec-1] INFO  com.example.demo.aop.ServiceLogAspect - 【服务调用开始】RoleService.getRoleById，参数：[3]
2025-11-26 11:40:38 [http-nio-9091-exec-1] INFO  com.example.demo.aop.ServiceLogAspect - 【服务调用成功】RoleService.getRoleById，结果：com.example.demo.entity.Role@213e8be7
2025-11-26 11:40:38 [http-nio-9091-exec-3] INFO  com.example.demo.aop.ServiceLogAspect - 【服务调用开始】DeviceService.getCountAll，参数：[]
2025-11-26 11:40:38 [http-nio-9091-exec-6] INFO  com.example.demo.aop.ServiceLogAspect - 【服务调用开始】DeviceService.getWaitCalibrationCountNow，参数：[]
2025-11-26 11:40:38 [http-nio-9091-exec-6] INFO  com.example.demo.aop.ServiceLogAspect - 【服务调用成功】DeviceService.getWaitCalibrationCountNow，结果：1
2025-11-26 11:40:38 [http-nio-9091-exec-3] INFO  com.example.demo.aop.ServiceLogAspect - 【服务调用成功】DeviceService.getCountAll，结果：5
2025-11-26 11:40:38 [http-nio-9091-exec-4] INFO  com.example.demo.aop.ServiceLogAspect - 【服务调用开始】DeviceService.getCountAll，参数：[]
2025-11-26 11:40:38 [http-nio-9091-exec-2] INFO  com.example.demo.aop.ServiceLogAspect - 【服务调用开始】AlertService.getTodayAlertCount，参数：[2025-11-26 11:40:38]
2025-11-26 11:40:38 [http-nio-9091-exec-4] INFO  com.example.demo.aop.ServiceLogAspect - 【服务调用成功】DeviceService.getCountAll，结果：5
2025-11-26 11:40:38 [http-nio-9091-exec-8] INFO  com.example.demo.aop.ServiceLogAspect - 【服务调用开始】DeviceService.getWaitCalibrationCountNow，参数：[]
2025-11-26 11:40:38 [http-nio-9091-exec-2] INFO  com.example.demo.aop.ServiceLogAspect - 【服务调用成功】AlertService.getTodayAlertCount，结果：0
2025-11-26 11:40:38 [http-nio-9091-exec-8] INFO  com.example.demo.aop.ServiceLogAspect - 【服务调用成功】DeviceService.getWaitCalibrationCountNow，结果：1
2025-11-26 11:40:56 [http-nio-9091-exec-10] INFO  com.example.demo.aop.ServiceLogAspect - 【服务调用开始】DeviceService.getCountAll，参数：[]
2025-11-26 11:40:56 [http-nio-9091-exec-5] INFO  com.example.demo.aop.ServiceLogAspect - 【服务调用开始】AlertService.getTodayAlertCount，参数：[2025-11-26 11:40:56]
2025-11-26 11:40:56 [http-nio-9091-exec-7] INFO  com.example.demo.aop.ServiceLogAspect - 【服务调用开始】DeviceService.getWaitCalibrationCountNow，参数：[]
2025-11-26 11:40:56 [http-nio-9091-exec-1] INFO  com.example.demo.aop.ServiceLogAspect - 【服务调用开始】DeviceService.getAllDevices，参数：[]
2025-11-26 11:40:56 [http-nio-9091-exec-3] INFO  com.example.demo.aop.ServiceLogAspect - 【服务调用开始】UserService.getStaffByStaffcode，参数：[002501]
2025-11-26 11:40:56 [http-nio-9091-exec-9] INFO  com.example.demo.aop.ServiceLogAspect - 【服务调用开始】AlertService.getTodayAlertCount，参数：[2025-11-26 11:40:56]
2025-11-26 11:40:56 [http-nio-9091-exec-10] INFO  com.example.demo.aop.ServiceLogAspect - 【服务调用成功】DeviceService.getCountAll，结果：5
2025-11-26 11:40:56 [http-nio-9091-exec-7] INFO  com.example.demo.aop.ServiceLogAspect - 【服务调用成功】DeviceService.getWaitCalibrationCountNow，结果：1
2025-11-26 11:40:56 [http-nio-9091-exec-9] INFO  com.example.demo.aop.ServiceLogAspect - 【服务调用成功】AlertService.getTodayAlertCount，结果：0
2025-11-26 11:40:56 [http-nio-9091-exec-1] INFO  com.example.demo.aop.ServiceLogAspect - 【服务调用成功】DeviceService.getAllDevices，结果：[com.example.demo.entity.Device@39c27486, com.example.demo.entity.Device@6b29036e, com.example.demo.entity.Device@28babbe4, com.example.demo.entity.Device@74230ae9, com.example.demo.entity.Device@5e6f36af]
2025-11-26 11:40:56 [http-nio-9091-exec-5] INFO  com.example.demo.aop.ServiceLogAspect - 【服务调用成功】AlertService.getTodayAlertCount，结果：0
2025-11-26 11:40:56 [http-nio-9091-exec-3] INFO  com.example.demo.aop.ServiceLogAspect - 【服务调用成功】UserService.getStaffByStaffcode，结果：com.example.demo.entity.Staff@53fbca49
2025-11-26 11:40:56 [http-nio-9091-exec-3] INFO  com.example.demo.aop.ServiceLogAspect - 【服务调用开始】RoleService.getRoleById，参数：[3]
2025-11-26 11:40:56 [http-nio-9091-exec-3] INFO  com.example.demo.aop.ServiceLogAspect - 【服务调用成功】RoleService.getRoleById，结果：com.example.demo.entity.Role@47269e41
2025-11-26 11:40:56 [http-nio-9091-exec-6] INFO  com.example.demo.aop.ServiceLogAspect - 【服务调用开始】DeviceService.getCountAll，参数：[]
2025-11-26 11:40:56 [http-nio-9091-exec-6] INFO  com.example.demo.aop.ServiceLogAspect - 【服务调用成功】DeviceService.getCountAll，结果：5
2025-11-26 11:40:56 [http-nio-9091-exec-4] INFO  com.example.demo.aop.ServiceLogAspect - 【服务调用开始】DeviceService.getWaitCalibrationCountNow，参数：[]
2025-11-26 11:40:56 [http-nio-9091-exec-4] INFO  com.example.demo.aop.ServiceLogAspect - 【服务调用成功】DeviceService.getWaitCalibrationCountNow，结果：1
2025-11-26 11:40:56 [http-nio-9091-exec-2] INFO  com.example.demo.aop.ServiceLogAspect - 【服务调用开始】DeviceService.getCountAll，参数：[]
2025-11-26 11:40:56 [http-nio-9091-exec-10] INFO  com.example.demo.aop.ServiceLogAspect - 【服务调用开始】DeviceService.getWaitCalibrationCountNow，参数：[]
2025-11-26 11:40:56 [http-nio-9091-exec-8] INFO  com.example.demo.aop.ServiceLogAspect - 【服务调用开始】AlertService.getTodayAlertCount，参数：[2025-11-26 11:40:56]
2025-11-26 11:40:56 [http-nio-9091-exec-10] INFO  com.example.demo.aop.ServiceLogAspect - 【服务调用成功】DeviceService.getWaitCalibrationCountNow，结果：1
2025-11-26 11:40:56 [http-nio-9091-exec-2] INFO  com.example.demo.aop.ServiceLogAspect - 【服务调用成功】DeviceService.getCountAll，结果：5
2025-11-26 11:40:56 [http-nio-9091-exec-8] INFO  com.example.demo.aop.ServiceLogAspect - 【服务调用成功】AlertService.getTodayAlertCount，结果：0
2025-11-26 11:40:57 [http-nio-9091-exec-7] INFO  com.example.demo.aop.ServiceLogAspect - 【服务调用开始】DeviceService.getCountAll，参数：[]
2025-11-26 11:40:57 [http-nio-9091-exec-7] INFO  com.example.demo.aop.ServiceLogAspect - 【服务调用成功】DeviceService.getCountAll，结果：5
2025-11-26 11:40:57 [http-nio-9091-exec-5] INFO  com.example.demo.aop.ServiceLogAspect - 【服务调用开始】AlertService.getDeviceAlertOverview，参数：[]
2025-11-26 11:40:57 [http-nio-9091-exec-9] INFO  com.example.demo.aop.ServiceLogAspect - 【服务调用开始】DeviceService.getWaitCalibrationCountNow，参数：[]
2025-11-26 11:40:57 [http-nio-9091-exec-3] INFO  com.example.demo.aop.ServiceLogAspect - 【服务调用开始】AlertService.getAlertDetailsByTimeRange，参数：[2025-11-18T19:40, 2025-11-25T19:40, null, 0, 50]
2025-11-26 11:40:57 [http-nio-9091-exec-1] INFO  com.example.demo.aop.ServiceLogAspect - 【服务调用开始】AlertService.getTodayAlertCount，参数：[2025-11-26 11:40:57]
2025-11-26 11:40:57 [http-nio-9091-exec-9] INFO  com.example.demo.aop.ServiceLogAspect - 【服务调用成功】DeviceService.getWaitCalibrationCountNow，结果：1
2025-11-26 11:40:57 [http-nio-9091-exec-1] INFO  com.example.demo.aop.ServiceLogAspect - 【服务调用成功】AlertService.getTodayAlertCount，结果：0
2025-11-26 11:40:57 [http-nio-9091-exec-3] INFO  com.example.demo.aop.ServiceLogAspect - 【服务调用成功】AlertService.getAlertDetailsByTimeRange，结果：{currentPage=0, pageSize=50, content=[], totalElements=0, totalPages=0}
2025-11-26 11:40:57 [http-nio-9091-exec-5] INFO  com.example.demo.aop.ServiceLogAspect - 【服务调用成功】AlertService.getDeviceAlertOverview，结果：[{deviceType=D4, operationalStatus=RUNNING, alertStatus=ON, latestAlertLevel=YELLOW, latestAlertTime=2025-07-13T10:05:04, location=loc1, deviceCode=001, deviceId=1, deviceName=Inoue Rin, monitorStatus=MONITORON, latestAlertContext=002}, {deviceType=DB, operationalStatus=RUNNING, alertStatus=OFF, latestAlertLevel=null, latestAlertTime=null, location=loc2, deviceCode=002, deviceId=2, deviceName=Kong Lan, monitorStatus=MONITORON, latestAlertContext=null}, {deviceType=DB, operationalStatus=OFFLINE, alertStatus=OFF, latestAlertLevel=null, latestAlertTime=null, location=loc3, deviceCode=003, deviceId=3, deviceName=Chic Kwok Yin, monitorStatus=MONITORINTERRUPT, latestAlertContext=null}, {deviceType=D4, operationalStatus=OFFLINE, alertStatus=OFF, latestAlertLevel=null, latestAlertTime=null, location=loc4, deviceCode=004, deviceId=4, deviceName=Lo Wai Lam, monitorStatus=MONITORON, latestAlertContext=null}, {deviceType=DB, operationalStatus=OFFLINE, alertStatus=OFF, latestAlertLevel=null, latestAlertTime=null, location=loc5, deviceCode=005, deviceId=5, deviceName=Saito Ayano, monitorStatus=MONITOROFF, latestAlertContext=null}]
2025-11-26 11:40:58 [http-nio-9091-exec-6] INFO  com.example.demo.aop.ServiceLogAspect - 【服务调用开始】DeviceService.getCountAll，参数：[]
2025-11-26 11:40:58 [http-nio-9091-exec-6] INFO  com.example.demo.aop.ServiceLogAspect - 【服务调用成功】DeviceService.getCountAll，结果：5
2025-11-26 11:40:58 [http-nio-9091-exec-10] INFO  com.example.demo.aop.ServiceLogAspect - 【服务调用开始】DeviceService.getAllDevices，参数：[]
2025-11-26 11:40:58 [http-nio-9091-exec-2] INFO  com.example.demo.aop.ServiceLogAspect - 【服务调用开始】DeviceService.getWaitCalibrationCountNow，参数：[]
2025-11-26 11:40:58 [http-nio-9091-exec-4] INFO  com.example.demo.aop.ServiceLogAspect - 【服务调用开始】AlertService.getTodayAlertCount，参数：[2025-11-26 11:40:58]
2025-11-26 11:40:58 [http-nio-9091-exec-2] INFO  com.example.demo.aop.ServiceLogAspect - 【服务调用成功】DeviceService.getWaitCalibrationCountNow，结果：1
2025-11-26 11:40:58 [http-nio-9091-exec-4] INFO  com.example.demo.aop.ServiceLogAspect - 【服务调用成功】AlertService.getTodayAlertCount，结果：0
2025-11-26 11:40:58 [http-nio-9091-exec-10] INFO  com.example.demo.aop.ServiceLogAspect - 【服务调用成功】DeviceService.getAllDevices，结果：[com.example.demo.entity.Device@3704971f, com.example.demo.entity.Device@429a902b, com.example.demo.entity.Device@5981e061, com.example.demo.entity.Device@62242ed9, com.example.demo.entity.Device@710be1ed]
2025-11-26 11:42:14 [http-nio-9091-exec-8] INFO  com.example.demo.aop.ServiceLogAspect - 【服务调用开始】DeviceService.getCountAll，参数：[]
2025-11-26 11:42:14 [http-nio-9091-exec-1] INFO  com.example.demo.aop.ServiceLogAspect - 【服务调用开始】DeviceService.getWaitCalibrationCountNow，参数：[]
2025-11-26 11:42:14 [http-nio-9091-exec-3] INFO  com.example.demo.aop.ServiceLogAspect - 【服务调用开始】DeviceService.getAllDevices，参数：[]
2025-11-26 11:42:14 [http-nio-9091-exec-9] INFO  com.example.demo.aop.ServiceLogAspect - 【服务调用开始】AlertService.getTodayAlertCount，参数：[2025-11-26 11:42:14]
2025-11-26 11:42:14 [http-nio-9091-exec-5] INFO  com.example.demo.aop.ServiceLogAspect - 【服务调用开始】UserService.getStaffByStaffcode，参数：[002501]
2025-11-26 11:42:14 [http-nio-9091-exec-7] INFO  com.example.demo.aop.ServiceLogAspect - 【服务调用开始】AlertService.getTodayAlertCount，参数：[2025-11-26 11:42:14]
2025-11-26 11:42:14 [http-nio-9091-exec-1] INFO  com.example.demo.aop.ServiceLogAspect - 【服务调用成功】DeviceService.getWaitCalibrationCountNow，结果：1
2025-11-26 11:42:14 [http-nio-9091-exec-8] INFO  com.example.demo.aop.ServiceLogAspect - 【服务调用成功】DeviceService.getCountAll，结果：5
2025-11-26 11:42:14 [http-nio-9091-exec-9] INFO  com.example.demo.aop.ServiceLogAspect - 【服务调用成功】AlertService.getTodayAlertCount，结果：0
2025-11-26 11:42:14 [http-nio-9091-exec-3] INFO  com.example.demo.aop.ServiceLogAspect - 【服务调用成功】DeviceService.getAllDevices，结果：[com.example.demo.entity.Device@4edc43bb, com.example.demo.entity.Device@44b0991e, com.example.demo.entity.Device@10e40570, com.example.demo.entity.Device@6433a463, com.example.demo.entity.Device@485ef2c5]
2025-11-26 11:42:14 [http-nio-9091-exec-5] INFO  com.example.demo.aop.ServiceLogAspect - 【服务调用成功】UserService.getStaffByStaffcode，结果：com.example.demo.entity.Staff@32f1c307
2025-11-26 11:42:14 [http-nio-9091-exec-5] INFO  com.example.demo.aop.ServiceLogAspect - 【服务调用开始】RoleService.getRoleById，参数：[3]
2025-11-26 11:42:14 [http-nio-9091-exec-7] INFO  com.example.demo.aop.ServiceLogAspect - 【服务调用成功】AlertService.getTodayAlertCount，结果：0
2025-11-26 11:42:14 [http-nio-9091-exec-5] INFO  com.example.demo.aop.ServiceLogAspect - 【服务调用成功】RoleService.getRoleById，结果：com.example.demo.entity.Role@73bd6541
2025-11-26 11:42:14 [http-nio-9091-exec-6] INFO  com.example.demo.aop.ServiceLogAspect - 【服务调用开始】DeviceService.getCountAll，参数：[]
2025-11-26 11:42:14 [http-nio-9091-exec-2] INFO  com.example.demo.aop.ServiceLogAspect - 【服务调用开始】DeviceService.getWaitCalibrationCountNow，参数：[]
2025-11-26 11:42:14 [http-nio-9091-exec-6] INFO  com.example.demo.aop.ServiceLogAspect - 【服务调用成功】DeviceService.getCountAll，结果：5
2025-11-26 11:42:14 [http-nio-9091-exec-2] INFO  com.example.demo.aop.ServiceLogAspect - 【服务调用成功】DeviceService.getWaitCalibrationCountNow，结果：1
2025-11-26 11:42:14 [http-nio-9091-exec-10] INFO  com.example.demo.aop.ServiceLogAspect - 【服务调用开始】DeviceService.getCountAll，参数：[]
2025-11-26 11:42:14 [http-nio-9091-exec-8] INFO  com.example.demo.aop.ServiceLogAspect - 【服务调用开始】DeviceService.getWaitCalibrationCountNow，参数：[]
2025-11-26 11:42:14 [http-nio-9091-exec-4] INFO  com.example.demo.aop.ServiceLogAspect - 【服务调用开始】AlertService.getTodayAlertCount，参数：[2025-11-26 11:42:14]
2025-11-26 11:42:14 [http-nio-9091-exec-10] INFO  com.example.demo.aop.ServiceLogAspect - 【服务调用成功】DeviceService.getCountAll，结果：5
2025-11-26 11:42:14 [http-nio-9091-exec-8] INFO  com.example.demo.aop.ServiceLogAspect - 【服务调用成功】DeviceService.getWaitCalibrationCountNow，结果：1
2025-11-26 11:42:14 [http-nio-9091-exec-4] INFO  com.example.demo.aop.ServiceLogAspect - 【服务调用成功】AlertService.getTodayAlertCount，结果：0
2025-11-26 11:42:15 [http-nio-9091-exec-1] INFO  com.example.demo.aop.ServiceLogAspect - 【服务调用开始】DeviceService.getCountAll，参数：[]
2025-11-26 11:42:15 [http-nio-9091-exec-1] INFO  com.example.demo.aop.ServiceLogAspect - 【服务调用成功】DeviceService.getCountAll，结果：5
2025-11-26 11:42:15 [http-nio-9091-exec-3] INFO  com.example.demo.aop.ServiceLogAspect - 【服务调用开始】DeviceService.getWaitCalibrationCountNow，参数：[]
2025-11-26 11:42:15 [http-nio-9091-exec-9] INFO  com.example.demo.aop.ServiceLogAspect - 【服务调用开始】AlertService.getTodayAlertCount，参数：[2025-11-26 11:42:15]
2025-11-26 11:42:15 [http-nio-9091-exec-7] INFO  com.example.demo.aop.ServiceLogAspect - 【服务调用开始】DeviceService.getAllDevices，参数：[]
2025-11-26 11:42:15 [http-nio-9091-exec-3] INFO  com.example.demo.aop.ServiceLogAspect - 【服务调用成功】DeviceService.getWaitCalibrationCountNow，结果：1
2025-11-26 11:42:15 [http-nio-9091-exec-9] INFO  com.example.demo.aop.ServiceLogAspect - 【服务调用成功】AlertService.getTodayAlertCount，结果：0
2025-11-26 11:42:15 [http-nio-9091-exec-7] INFO  com.example.demo.aop.ServiceLogAspect - 【服务调用成功】DeviceService.getAllDevices，结果：[com.example.demo.entity.Device@2144db4a, com.example.demo.entity.Device@6967007f, com.example.demo.entity.Device@75641465, com.example.demo.entity.Device@2bf23fbd, com.example.demo.entity.Device@2c6b3f02]
2025-11-26 11:51:07 [SpringApplicationShutdownHook] INFO  o.s.boot.web.embedded.tomcat.GracefulShutdown - Commencing graceful shutdown. Waiting for active requests to complete
2025-11-26 11:51:08 [tomcat-shutdown] INFO  o.s.boot.web.embedded.tomcat.GracefulShutdown - Graceful shutdown complete
2025-11-26 11:51:08 [SpringApplicationShutdownHook] INFO  o.s.orm.jpa.LocalContainerEntityManagerFactoryBean - Closing JPA EntityManagerFactory for persistence unit 'default'
2025-11-26 11:51:08 [SpringApplicationShutdownHook] INFO  com.zaxxer.hikari.HikariDataSource - HikariPool-1 - Shutdown initiated...
2025-11-26 11:51:08 [SpringApplicationShutdownHook] INFO  com.zaxxer.hikari.HikariDataSource - HikariPool-1 - Shutdown completed.
